<escidocItem:item xmlns:escidocItem="http://www.escidoc.de/schemas/item/0.2"
                  xmlns:prefix-xlink="http://www.w3.org/1999/xlink" xml:base="http://escidev6:8080"
                  prefix-xlink:type="simple" prefix-xlink:title="Annette Postel schreitet durch die Pressemeute">
    <escidocItem:properties prefix-xlink:type="simple">
        <escidocItem:context prefix-xlink:type="simple" prefix-xlink:href="/ir/context/escidoc:persistent3"/>
        <escidocItem:content-type prefix-xlink:type="simple"
                                  prefix-xlink:href="/cmm/content-model/escidoc:persistent4"/>
        <escidocItem:content-type-specific xmlns:escidocItem="http://www.escidoc.de/schemas/item/0.2">
            <nix></nix>
        </escidocItem:content-type-specific>
    </escidocItem:properties>
    <escidocMetadataRecords:md-records xmlns:escidocMetadataRecords="http://www.escidoc.de/schemas/metadatarecords/0.3"
                                       xmlns:prefix-xlink="http://www.w3.org/1999/xlink" prefix-xlink:type="simple">
        <escidocMetadataRecords:md-record
                xmlns:escidocMetadataRecords="http://www.escidoc.de/schemas/metadatarecords/0.3"
                xmlns:prefix-xlink="http://www.w3.org/1999/xlink" prefix-xlink:type="simple"
                prefix-xlink:title="eSciDoc-internal metadata record"
                schema="http://www.escidoc-project.de/metadata/schema/0.1/" name="escidoc">
            <publication xmlns="http://escidoc.mpg.de/metadataprofile/schema/0.1/"
                         xmlns:prefix-xsi="http://www.w3.org/2001/XMLSchema-instance"
                         prefix-xsi:schemaLocation="http://escidoc.mpg.de/metadataprofile/schema/0.1/ escidocprofile.xsd"
                         type="article">
                <e:creator xmlns:e="http://escidoc.mpg.de/metadataprofile/schema/0.1/types" role="author">
                    <e:person>
                        <e:complete-name>Jens Schroeder</e:complete-name>
                    </e:person>
                </e:creator>
                <prefix-dc:title xmlns:prefix-dc="http://purl.org/dc/elements/1.1/" xml:lang="DE">Annette Postel
                    schreitet durch die Pressemeute
                </prefix-dc:title>
                <prefix-dc:language xmlns:prefix-dc="http://purl.org/dc/elements/1.1/">DE</prefix-dc:language>
                <prefix-dcterms:created xmlns:prefix-dcterms="http://purl.org/dc/terms/">2005-08-20T14:35:00.000+01:00
                </prefix-dcterms:created>
            </publication>
        </escidocMetadataRecords:md-record>
    </escidocMetadataRecords:md-records>
    <escidocComponents:components xmlns:escidocComponents="http://www.escidoc.de/schemas/components/0.9"
                                  prefix-xlink:type="simple">
        <escidocComponents:component prefix-xlink:type="simple">
            <escidocComponents:properties prefix-xlink:type="simple"
                                          xmlns:escidocComponents="http://www.escidoc.de/schemas/components/0.9"
                                          xmlns:prefix-xlink="http://www.w3.org/1999/xlink">
                <escidocComponents:description>Web resolution image for Annette Postel schreitet durch die Pressemeute
                </escidocComponents:description>
                <escidocComponents:status>valid</escidocComponents:status>
                <escidocComponents:visibility>public</escidocComponents:visibility>
                <escidocComponents:content-category>null</escidocComponents:content-category>
                <escidocComponents:file-name>IMG_1482.jpg</escidocComponents:file-name>
                <escidocComponents:mime-type>image/jpeg</escidocComponents:mime-type>
            </escidocComponents:properties>
            <escidocComponents:content>/9j/4AAQSkZJRgABAgEASABIAAD/7RGUUGhvdG9zaG9wIDMuMAA4QklNA+0AAAAAABAASAAAAAEA
                AgBIAAAAAQACOEJJTQQNAAAAAAAEAAAAeDhCSU0D8wAAAAAACAAAAAAAAAAAOEJJTQQKAAAAAAAB
                AAA4QklNJxAAAAAAAAoAAQAAAAAAAAACOEJJTQP1AAAAAABIAC9mZgABAGxmZgAGAAAAAAABAC9m
                ZgABAKGZmgAGAAAAAAABADIAAAABAFoAAAAGAAAAAAABADUAAAABAC0AAAAGAAAAAAABOEJJTQP4
                AAAAAABwAAD/////////////////////////////A+gAAAAA////////////////////////////
                /wPoAAAAAP////////////////////////////8D6AAAAAD/////////////////////////////
                A+gAADhCSU0ECAAAAAAAEAAAAAEAAAJAAAACQAAAAAA4QklNBBQAAAAAAAQAAAABOEJJTQQMAAAA
                ABADAAAAAQAAAHAAAABLAAABUAAAYnAAAA/nABgAAf/Y/+AAEEpGSUYAAQIBAEgASAAA/+4ADkFk
                b2JlAGSAAAAAAf/bAIQADAgICAkIDAkJDBELCgsRFQ8MDA8VGBMTFRMTGBEMDAwMDAwRDAwMDAwM
                DAwMDAwMDAwMDAwMDAwMDAwMDAwMDAENCwsNDg0QDg4QFA4ODhQUDg4ODhQRDAwMDAwREQwMDAwM
                DBEMDAwMDAwMDAwMDAwMDAwMDAwMDAwMDAwMDAwM/8AAEQgASwBwAwEiAAIRAQMRAf/dAAQAB//E
                AT8AAAEFAQEBAQEBAAAAAAAAAAMAAQIEBQYHCAkKCwEAAQUBAQEBAQEAAAAAAAAAAQACAwQFBgcI
                CQoLEAABBAEDAgQCBQcGCAUDDDMBAAIRAwQhEjEFQVFhEyJxgTIGFJGhsUIjJBVSwWIzNHKC0UMH
                JZJT8OHxY3M1FqKygyZEk1RkRcKjdDYX0lXiZfKzhMPTdePzRieUpIW0lcTU5PSltcXV5fVWZnaG
                lqa2xtbm9jdHV2d3h5ent8fX5/cRAAICAQIEBAMEBQYHBwYFNQEAAhEDITESBEFRYXEiEwUygZEU
                obFCI8FS0fAzJGLhcoKSQ1MVY3M08SUGFqKygwcmNcLSRJNUoxdkRVU2dGXi8rOEw9N14/NGlKSF
                tJXE1OT0pbXF1eX1VmZ2hpamtsbW5vYnN0dXZ3eHl6e3x//aAAwDAQACEQMRAD8ArgKYATQnCgXr
                Ora6PEcFEqLq/ouKYAkwBJPAAkqTmWM0e0tns4EflQtSTeSZJk+KcP8ANBlLeAdSipsByRta36RA
                8J0SwaDmXvpre1ppIF7if5vcNzQ8fvu/cXWdIw+gYRLPtlWVdl7Whlrq9S3dtbVV9Lc7d+8kN6Jp
                Wva3h8zLvDBbRa+i3Ge22pzDEkEQXfmuZu2+39xdTlfWLBzem12ekXZF1WzIo3ObUHf4Rn5r7WMf
                /NbVV+tX1afj0WZdEWY3uNjQ0NcyXG3dtZ9Nvu/NWRXWytoa0y0hr2nycErlEnxXmpY4+Bp07eoY
                2TV6TmWfaKK2/rDoa1xkNNY/f3e9/wC5V/glX3rLybOoMtJxbmspI9O97q/UdU523bZT72M9TY1u
                1lrf+EV6uw2l0D3Aw6NBrqHD+S9NB6WnILqQFAhWY604lwqk2GtwZHMkQvMsrGyqh6mRWWQ41uBE
                QW9l6Pfm49MMdY03WBxpqElzyA5zWs2h309nsWP1HpjOodPLaiN5hzmBwcA/876H+GTozqux6ojj
                4hLuNg//0LDqq7NXDXxGhQX4zxqw7h4cFWvTP5p089FUHUKLMY5GOfVG7Y1urSX8bPcP+moF47J+
                ldUv6Xl+uxgsa4bbK3aGOfY/8x62eo/W7Hy8J+NXhkvsEF1xaWt/lNDC7c/9z6C5Rw+s4fjW5OHS
                cTJe5jNv85oN4OjnOq3M/m//AARXsjDfS8sdoRHt50I3Nhw/kphiLvqkgjfRrzKuOLcbpQzn2bK6
                iT6TW1kWWg76GZYsZ61rH+2v0ar8X9F/h1m5Wdg4jXG+36IcSGgnVokt3fvfmqrf17G6mzAwem5A
                x35bnC9mQ1w9N7GxTURQ7bkV37/0f+D/ANLUjRNV06rocIvi6iq83Q6LS7puNVglope/9PlNr/fs
                P81y7b9nb+h9i6fGwcO6ssdS2SAfVAAcCPov3n85cT9acXrl9uPd0x5kVCm/7M8tLrWHc6zltn53
                9hRd9X/rH1b6vsyMrqFpsovdXbi2WDaG7azVcPS/nLGv9T1K3P8A5v8A4uxDh4jxSkNSzRPDGowJ
                /rf2vp3TL8jIF+F1C1mQ1g2vBgPLXD2mzZ/1a57L6Fbj2Gimp9pqJDXNa7aayd1Xud/hKv8ADLN+
                pPR6vq7rde3Jsz3mt3ouljA1pfU3d+dZZH6X/ttav10+sjMHAjFyaxmtDrqmOk+1hY3b6TN7mvsd
                9D1HVfzX84njXQHirqWGYMTqOES6BxHtZXlW4bmW+taHufWQ5rQTBrc1m39M76LFkjqTsfpt17qi
                6xpGM5m6A0kja+39732K/wBBzeqfWHpuaM26yhr7mv6dZvdur2n9L6Lj7vs9nvosbX+h/wCD/QrI
                6pccSrqWE+k02X2CsMJFhse3Y9mW135jH7d6gE8ZySxiQOSPzx6hnIlwRkY1Ej0n95tZeLhPayy+
                /abbDu0ZAdDdrWuP8yyrb+g/7bs/RrU6bXUW1UsdDYDWPPgPaC6AuayWYuRVtxqi19j6ntO8uDuf
                5tsfQ/Sfvfo1qYnUMXFDarshnrz9Bzw1wM+36bk+jXVkHDEmqHi//9F6b342EyvqWT63rOLbMwlm
                OJ0cMfHftdjen+b+ufZ/W/0rGLnhT1DB6m3AqfZk2WuDqWlrWvcLDtq9lDrK3Wfv+la9is25jh62
                T06532dlpxq3WOsqsEhosf6lW37TV62/9SyaH/o/+NXS9AxRVl9Lzc+t1Oa2p9TK3OBsAeN2+9v0
                GPd9JjP8F6yq2QCD13bZiDKPCNvyZ5OL1WmtvT83MorvsO7A3AB7bmf1Yb72+3aslrOqtyep4dx+
                05mHSx4rYYZLgHbKLY3+xln57f8ABrvc66hvS7su6svoxavWcxol21rdzvT9zfdW33fy1ypyW05X
                2/oTX9Uvyf57Fe5mM6tuz9C71cj22f1PT3oEGvT/AATIg7g6Gj+l4vCdYvrGBSGZDnZFxDbqQA1o
                rb7/AHNH8v6CyaKm2ZFFbp2Pta10GNCf3gtf660mjrZpFXpVhm9jQNN9hN+Sxr/o2+lfY6v2rKw5
                dk0hrxW71G7HkSA4GWFzfzvcp4D0addWvkI9zbQEaPW+qaQT6jr2saCa2iWtAkva5znN2bla6bm9
                Dtsfff1ZuPjE/pMawlrweHViHtd6f9mxBxDl43S83q+fj1sZhVRW0iRdkPIbjMb+c6ip9jbLWP8A
                6i4jIfZbkPfawCyfeAI17qOGMk66U2p8xGI9FEnw6Hd727q+N1bIGF0mx9OFj5FDBksJqe51r/Rs
                cx/066qqbHej7f0lv8hanU/8UnTmU2Pp6pe17jBfk1sugT7i1zPQsa/+VuXNfVTBuqox7SJGRkVO
                2D+S5uS3/OrYvWPtX23F2X1nGvcwOfU6dsO712xse13/AG7/AMGpzGMYgRGtNIylKRMj1eSxf8XX
                UMHGZX0zqTLocSG5DDUWh2rhvodfu9/v+gsH60dLzsVopzqDVkOH6K+ZY9wj3VXt+nt/cfss/wCD
                XptVh+zVn6NgaQ741/ov++puoYmJ1fBvwcobqrRrH0mGIFtf7ttTx6jVFHDjEjkjGpy+Y92WfM5Z
                QjjlK4Y/lH7r4c3Nu6Y9rGEOe5w9r/osIJ9Q7P7SzepXMych9jZPuJL3mSZ+Su9dwM3Dz7cPKb+s
                4rzVaG9zo9ljZ/wd1bvVq/4NZTydwriDIBKliABfVhlInSzXZ//S0cbKZi4Dd1jXxLnva0CTu9Xd
                +e/fvP8A5gmbjZuXdfkW1FuRRS3IxR6m3aPUNbxbVt/SPe1j/wCctZs/41czhZMtxq3Wk3G6uuup
                pjUPa2y6135vpf4Nn+FsWp1j6yMwOoEVVNyzY1j3sL3M9PZZbZQx3pf4RzHer7v8HYohj9JJ100/
                wmeWWjGtPVqfJ7uhzB0602Ehr2Fu0yILht2kj6Hucub6viW9R6XS1rfSzMS30Ayp4f67aBs9PGe8
                V3tu9Jnr+l/pP+ER+k/XHE6ri00X4rsA25FNLSXh9TyXNt2Nsit7XO2/n1Kx024i2twodY718iwZ
                OgbVvds7+/c9rPcxGEKgQdFkslzsa9XgfrFi3ZnQS/GL7G4j25DmvJ0rh9dr6mvH03Of6uRt/r2L
                D+qvSrur9WooZIprcH32D81o/N/rPXdiyrD6u3IqPtDa3RJ2stezfdZXXOxrnq90fBwen3ZLun0t
                qL3AiXOcHPcA91rnPLne535iETQI+q7ILIl0On2NX69Yb2dFw8Opvp0WXh7gQS4V0tc/1Nf3nu+m
                uC6rgOHX78DaanvurqLXfmlzaw//ADd27cvW8To1DMaiiyy2ykMex7S5xLvUEO2uJ3U1N97/AGfn
                rkPrX9WMrpvWLfrE1xyOnOG5zvz6LNjceiu7/gNv9Hyf3/0WT+k/nJIXVV1u+pYp73+D0f1Kxd2P
                kVQ2zFxTsZpp6w9gfU7811NP6NdLjm4FtbXE1kwWu7D86Csn6jGtv1dqdG1rrH693HdH9p/5i3aA
                Ic6IJcYHgEqo/n4oJ8ba4YTvH9Yj+03X/wAErSrMPdYIDDIieCUzbP1m2saQQR/a93/f1kZOQRtY
                CJs00PuiJd/5FAbeRVufo8//AIxuk0XnD6zSQ4gDDyy2I03PxbHR/K9Wn/tpec4GC7qP1jqwq2ue
                LskMIYJOwOAtfp/o6t79y9idi19TouwrHMfjZDPSIHLHf4N+3811d221c5/ix6NfjDrGVmUirLbk
                HDFoMvDq9zs2lv7tfqOo3OZ/OpwCYizT/9PL61i1dHtxLW1tbfWD7mj+deHNe19h/d9vqf8AXVkY
                uNZebCCXP+lB13PcfoovVp9aufV/Pj1I9CJH9E2/+C+p+k/mla6N9HSJ3O+j9Pj82fZu/cQh0vsn
                JvKu5Z1Opyev9M6U+BjYrxZaG6bnM/Te7/hLLWV1f1F0uD1PM+y41zXtZQA99te3e5znOfy/8xv+
                vvXJ/Vf/AMUTPofzuvrfT+jb/r7Vs9PjZ06fU+i+In0ebPp7Pz/393+B9NKXFcug0/LIqHDQ67/9
                yh9fIt6bl5e9rq22MsNThtd6j2sl1b/3/oM9L/CLR+q/VKMpzq3tfa5jhLWjgAS2y3/g69n5iyDt
                /YmVx/SMbbz6c7XfzP8A3e2/6T9F9m/4RWfqJH69t59Fu7bO76Xs37/b/wAV6P8A19RHQnh1P4Mu
                tDi0jf1e2bllwEkEO1a9hgR/JP7ytVXts3Ns2+nq0EwWkEe8WbvbtWOyYdMTt/wcfZ4+Xt9b9/8A
                wqfJj7Bmbt+30XztmYj+R7/8z9IpQTWoosZAvQ6NhjacTHpZ0f7OcOlxNNFjrGNY5znPdZj2s9Xf
                S7f+jqdT+i/0vpK+M+7HEZbfSJ03U7ns019z3s2tXIUz6+Dt+zelvbt+zxu/9DPV/Wv+3V21k7O3
                HltUUuOzf7WxEYuEUY/Xh4v8JqnIsN7cge9mwNI0Doknd+692q43qf1gxsHqeR02/HtZUA52RnO9
                jzuG7FYzHY2x32Pf7b/0nqX/APgb+myp21xu89kbf7G5cT9d/U+1+/1f6K2N3pxG8/T9L8z/AEG/
                /Dp8OLrt4sGTg/R38Pleko6j0fMZVmU5eM++wReRYGuL2+31PTc6uxtjm/T9q3cBlTMRllW2Mh7r
                nvZqHusP89u/P9RrW+9eA3zudx9H8+J57L3fo0/83ul7Yn7FjxsiP5pn83v9v+epI1ase7//2QA4
                QklNBAYAAAAAAAcAAgAAAAEBAP/iAixJQ0NfUFJPRklMRQABAQAAAhxBREJFAhAAAG1udHJSR0Ig
                WFlaIAfXAAIADgASACwADWFjc3BNU0ZUAAAAAG5vbmUAAAAAAAAAAAAAAAAAAAAAAAD21gABAAAA
                ANMtQURCRQAAAAAAAAAAAAAAAAAAAAAAAAAAAAAAAAAAAAAAAAAAAAAAAAAAAAAAAAAAAAAACmNw
                cnQAAAD8AAAAJGRlc2MAAAEgAAAAZ3d0cHQAAAGIAAAAFGJrcHQAAAGcAAAAFHJUUkMAAAGwAAAA
                DmdUUkMAAAHAAAAADmJUUkMAAAHQAAAADnJYWVoAAAHgAAAAFGdYWVoAAAH0AAAAFGJYWVoAAAII
                AAAAFHRleHQAAAAAKGMpIDIwMDcgQWRvYmUgU3lzdGVtcyBJbmMuAGRlc2MAAAAAAAAADEVpZ2Vu
                ZXMgUkdCAAAAAAAAAAAAAAAAAAAAAAAAAAAAAAAAAAAAAAAAAAAAAAAAAAAAAAAAAAAAAAAAAAAA
                AAAAAAAAAAAAAAAAAAAAAAAAAAAAAAAAAAAAAAAAWFlaIAAAAAAAAPNRAAEAAAABFsxYWVogAAAA
                AAAAAAAAAAAAAAAAAGN1cnYAAAAAAAAAAQIzAABjdXJ2AAAAAAAAAAECMwAAY3VydgAAAAAAAAAB
                AjMAAFhZWiAAAAAAAAB0SwAAPe0AAAPQWFlaIAAAAAAAAFpzAACsdAAAFzNYWVogAAAAAAAAKBgA
                ABWeAAC4Kv/uAA5BZG9iZQBkgAAAAAH/2wCEAAgGBgYGBggGBggMCAcIDA4KCAgKDhANDQ4NDRAR
                DAwMDAwMEQwMDAwMDAwMDAwMDAwMDAwMDAwMDAwMDAwMDAwBCQgICQoJCwkJCw4LDQsOEQ4ODg4R
                EQwMDAwMEREMDAwMDAwRDAwMDAwMDAwMDAwMDAwMDAwMDAwMDAwMDAwMDP/AABEIAfQC7gMBIgAC
                EQEDEQH/3QAEAC//xAGiAAAABwEBAQEBAAAAAAAAAAAEBQMCBgEABwgJCgsBAAICAwEBAQEBAAAA
                AAAAAAEAAgMEBQYHCAkKCxAAAgEDAwIEAgYHAwQCBgJzAQIDEQQABSESMUFRBhNhInGBFDKRoQcV
                sUIjwVLR4TMWYvAkcoLxJUM0U5KismNzwjVEJ5OjszYXVGR0w9LiCCaDCQoYGYSURUaktFbTVSga
                8uPzxNTk9GV1hZWltcXV5fVmdoaWprbG1ub2N0dXZ3eHl6e3x9fn9zhIWGh4iJiouMjY6PgpOUlZ
                aXmJmam5ydnp+So6SlpqeoqaqrrK2ur6EQACAgECAwUFBAUGBAgDA20BAAIRAwQhEjFBBVETYSIG
                cYGRMqGx8BTB0eEjQhVSYnLxMyQ0Q4IWklMlomOywgdz0jXiRIMXVJMICQoYGSY2RRonZHRVN/Kj
                s8MoKdPj84SUpLTE1OT0ZXWFlaW1xdXl9UZWZnaGlqa2xtbm9kdXZ3eHl6e3x9fn9zhIWGh4iJio
                uMjY6Pg5SVlpeYmZqbnJ2en5KjpKWmp6ipqqusra6vr/2gAMAwEAAhEDEQA/AAGXlZeYzY7LysvA
                h2XlZYwpbzZs2BXZYzZsKuy82bArdMrLzYqtOMIxQjK44qh3XAzgq1cHlcReKuKWo3DDH1wPwZDU
                YqrV69ciqouLBqYHBpjw2EFUUj4uj4BVsUWQ4UJijYup98L45DghZMKEWDTMz4GMtMY0xPTArcr8
                jieUTlYUrsvG44Yq3ljG1zVxVfmxtc1cVX5q42uauBV1c1cZXLrhVdXNXG1y8VbzZWXgV1cuuVmx
                VvLysvFW8vKzYVbywcbl1xQuGbG1zVxVdjlIDCu4xLll8sUop5mglWRDSL9oHemF+pL9SkGoWp5R
                yH96o7HxxS7SR7czwsQybMvYjIte3d4iPEWPpt0HhmPEkExPQ7O1gOKAnHu3CY6jqy84bmNviHX5
                513yV5gi1/SY1dgbiIcZF9htXPPiSepCyS70w/8AInmSTRNWjDsRbzHgfCpO2XY5cMrJ2OxcfU4h
                OGw3juP1PoGCGO3lcDbli/L4iMbHwukSVTUFagj3xGS3lMgo5CDw65kTgLFGnX45bHZB37AjgDv1
                wqS7a2nWRkEkdKEHrh5LYIsLknk4qwY5HbkVBNKDuPfLcQjVdzHNKVgp619Glp9as1DFTWSLuMi2
                o6tDDqS3dp8Mc4BuIj/N0bFbO7ltZHZkLRuOLjt7EHBkXlaO7cXV8w9FxUopp16GoyMuHHZlyPKm
                PEZgDqwG/guYfMcUUEsiWlwRJFNGd+J6j/YnbJxHHbLKrEB3AAMhG598I/NFkvlGe31J3aXS+XBe
                XxGMt2J8McNetNT9OHTX9RnGxXtX3zEy5RMiiQA52kxDcnc/d5siN1Z1oKFh2HXCLXIIyRcxrxJ2
                YUp9OGVjpBgHqzNzc7knBM1zZ/3E4DKdiCMiO80G6cQQRzYXmw6vdE5EzWBBjO/p16fLCaRHicpI
                OLLsQcmC4coGPPl3tZq5Vc2Fi3XNXKysCrq5q42ubCldXKrlVzVxQ3myq5VcCV1c1cbXNXFC6uMk
                b4Tvl1wPcH4Cab4pDG/M18YbZ1UipGQSAAI8zmhbff3yQeZpmZvYdsjby0TjXb3y2A2SUJOa/GTT
                2wvlBBr1BwVK9TQdO4wO58Bk2BUqeO2UTTMd96/RmC1wsWhUnLpvjgoOVxNaYq//0AObLzZjNjsv
                Ky8Cupl5s2Kuy82XirWXmGXirs2XmpirqZqZebFWqZqZdc2KtEY0rj82KqRQY30hi+Viqj6eWIwe
                ++K0y+OCglaIK/tZfole+OA8MdTBwnvX4LFJGKhjlADHUGGkO3OOGVl4Vdl5WbFV1cuuMy8VXZq4
                3LxVuubKzYquzZVcvFW82Vl4q7pl5Vc1cVby8bXNXFV2Xja5q4qurl1xlc1cVX1y64zLxVdXKrlZ
                sVXVyq42tMYXxVUJ8cY0qr1OISzcRWuAnlMhoDiTSaTW2v41kMUm6PsThVqdrxdlAqjH4W9stFAw
                wiC3Vu8L/bQVQ5Rk58Y+Lm6TLwnwzyPJip01zWnTA7WnprxO3v74cm9ERMTdRtgG6l9Q/CK5IFyc
                lPXfy280fpG0NjdEC4t6JSu5FPtZ0FipXkDt455k0LULvSNVgv7c8QrASjsVrnozSNRh1CziuIyC
                kq1+nuMysMuKPCecf9z+x1WohwT4h9MvvRLsgK8unjhfqNrGs0UpUeixAcjscMpFDpIjigA2OFq3
                tq1o0FyakbU707HJgEbj400zkCKOyOMUYpCY1aFlpWgp8jhHBqtlpU1zp91L+6U8oeW+x/YwBN5h
                mtVaD1aqtQgpVqdsiWoXbzyl6UJ6nucrMYxsSOx6DmgAmiNqTnzB5nW/sp9Mit0ltpAU5Sb1U/5O
                FHk3SrPR4G9JRyY8mPfAC0Na/fhhFJwCCHYsKEZROuURQ695c3S49pTJs8mSyakJpRbRn4T9phlH
                Rbd5Fd5nKn7Qr2OB7eKKFFY09ZuuCJ7iO3j9RnoQK4KB5t3u2RcNkLNjDHL6kY+yW2NMKdesmKC4
                QVK/a8aYinmSzlb0mk+MbdMMpnjns2+KoZdsIA6MJDmJdWI1zY1tiR4ZVcm4i6uauNrmriq6uVXG
                1zYFbrmrlZq4q3l43NireauVl4q6uBL1iY2RTQkYKOF1+5jiZwd+gxSHnmvxlJiTLyPcf2ZHZWJ2
                5fRh9rMUhlMx+IN49sjkpIYjL4clKmaU71xFge+LAM2wx7x8lqBvkmFIPocdWnTfHMhHXGdMKCG1
                ajfPH0HIb4m22+bltXFD/9EHTNl5sxWxoY7KzYq3tmzZYxVrLzUy8VdmzZsVby8bmxVuuXja5eKt
                5squbFW82Vl4q7NTNl4q7LpmzYq7LzZsVbyxjRjq4q3l5Vc1cVXZsbXLrirebKrlVxVdXNXG1zVx
                VfXLxlc1cVX1zVxtc1cVXVy64yuXiq6uXXGjLxVuubNmxV2XlZsVby8bmxVdXNXG5q4qurmrjcrF
                WycSc4ocTbAlCTk0wPH3wXItcClChqOmApCqrDBFtJxmU1oDscB++VX4lqabjK5cjbOBqcSO9D65
                YtBd8uofcEYX0pQ/ryQ+YCGjhP7QXrkfqCKNji+lzssrKPtY0Kl6Vyd+SPMcVlK2nXL8ImFYyx2D
                ZALMuY3Ve2L2Llb1TIK1ycJGMxIdHHzxEsZBe033ma3jQqJBIx24pv8AjkYutVnuCQv7tD2HX78J
                lk2GOaUAbnLpZidh6R5ODHGBz3PmrvJSpJ38cAyycjjZJy3TEicqtsC9WAIr0wfAIYLgS/sncAnb
                CwHHXgYemYiXBH7Pb2OVzG4N1Tk6U7yj3h2oa/ImoMUb4EFAK98JdZ1+/uISgcio2ocFxWcM0jPI
                vx4E1CyRZAF79sSa3PVyNjURtSK0m5E8UJmQ+quzSAdcmoAbTy8Eh2FSpyL2NuLa2RehPf398O45
                StrIoNCVoccfIozdEuDVFT3y64hBy9OjdcVy1155ldXNXG5eKG82VXNXFW82Vl4Et5srLxV2bNlY
                oac0HTCfVg5hI/EYc9sC3MQkQin0YbSGD6lDygqBWo+1TIbcwPE5qOudPksIgrxOSEbsfs/T4YS6
                n5fgMfw8hXpvUfRkxOmVXswKg0bavfB0UcRj3I3HXH3GlvHIUO9N6+Iw3sNLV7evGrDp4bYZTFWz
                x4pWQWN3ERpVRWnUgYBbYnJNdW/rllT4WA+z40yPzx8WI7jqMlCVteSFFDE1GV7Zbe2Nyxpf/9IG
                MvNmzFbHZs2bFW8vKzYquzY3LxVvNmzDFXZqZs1MVdTNl0zYFay81MumKtZsdTNTCrWXmzYFdmzZ
                sKt5eVmrireXja5eKt5srNirdcvG1y8Vbrmys2Kt5srLrirs2bLxV2bNmxVvLxuXXFV1cuuNrmwK
                url42uauKrq5sbl4quzZVcvCrsosg6sB8zmZDIpQGhYUB+eJaeItOu2ja0t7qrBS10hlI8SAWpiK
                vc0gk9Bap60A6yL94xjXMCipao9gTnZNF0rSlsYporG2jZxUmOJQOu3UYaPBC6lGiUrSlKClMtGL
                zY8Rp4C+o2q9WP3HEm1K2pWj08eJpndH0bSuJJsYTTpVQf14XtpkM0c9sbOOOKRCoYIPh9xXD4Ua
                JssfENgVzeLnUrbwY/Ri4CyAkDpsQe2G2r2tq2pSSxxKqiirQUB4jjX6aYN8z2cVvqAeJAomjjkI
                HiUXKLBGwI97buDVg+5jDREdMD3ClQrdKEYZlRgO9UcBU03GQmNi2Q+oe9T1yRvRiPbj1wgRz379
                8kWtwUtIirbUyPRoemQxH0ubl5phpjqrsjbhsEyUjuEZR3wDawn1a7jB0kgqinqpyX8TXP6T7k6S
                YlRmLsepxGMgoDimScNdl40Y4DFWsVilMe3Y4mcquAgEUWUZGJEh0akBjm9Vfst1xMwG5lMp+wvT
                HSzQwpWdwiVoGPSpwXbyCO3KkDbcEdwcx5mUfSfgXPxSE/UOfUKVzMsDhT9kgEY+K7aZGWME7YFj
                uUmlKOAV7V7Yf6dDbooIAFctx8gjN5pVZyRXcRMJImjPGSFtmBHhj2BUlWFCOoOV5qtrXSriDX7Z
                zGtVS7UdKHYPklvdNjvvL8GuwNzYKCzjo6Hbl9GXgXEkdObgZBwyG/1cmN5sbl1yLFvLys2Kt5sq
                uauKW8uuNrmrihdlZWViq6uJOQDvj6411DDFKlNEsorQV8R1wju24sVYEhdhth26kKTUig64RSAs
                7FjWpyMi34I3K+5Inh9ecvTbpQjwwdYxNGh47EfqOVPE0XKRAeI9sUspoioJOx6/PIk7bOXGO+6V
                6lb+i5m9Oh33HTIzqcKOPrEQ4no6fxyeTuhRo2PNCDueoyJatZ+ifVhB4nqOoy3FJpzw2LF2xvfF
                Zlo3Sh7jEsyXArd//9MJmzUzUzFbHZs2XgV2ambNhVvLys2BW8vKzYVbzZWXirebKzYFbzZs2FW6
                5q5WbAreVmy8VazZdM2KuzZs2Kuy8rNirebfNmxV2XlZeKuy8rNhVuubKzYFbzZs2FWxmrlZhgVd
                mrjcvFV1c2VmxVvLysuhpXFW8vG5ZJxVuuWNzikVrNLQgUU9GbYYf2XlHUJgsnGoIqAQQPpOKseq
                QRTsRjHt5nvmMaM5qrEqCew8M6Xp3lSxtf3t5xeU9UG6jD6GK3jHpQRKEHgABkhjJ57MTIXtugvL
                Zvm08qWUKponIGo2B+7DNYrxSWmuhv0VUAxVQFHw0HyzEgb5kA0GFLSHKlTI9ezbD+GFUtrd/vK3
                kpVkddzUCoPYYbca7rjChBrTfx642gh425nkBMx5Ovw19hht5uH72wk/ntIT/wALTJBq3leVU9e1
                POQEkhRRt+/0YTeYI2vorNQjrcWsIjmQrvt+1Qfs5jmBHE2XuGKYBv0JCn3GGj200fVajrUf51wB
                eD4PkcrmNi2wPqHvVNYUNYQ060yORpxbfJRqALafEfbI76ZLZThPpdhk5hGQRFWB7HHXcBVeYG3X
                BFrGaBTuMGNCSrKw7bHJy5tR32UrU8olPti4XAtkSvKM9jgzJuHIUSHDLysvCho5WWRlYFSzX7V7
                zTJYY/tGhGBrbVp9Hghs9UQtRQEkG/w074eGh2OQvzjZaiDHcWwaWJQRRdynf7sBiJVE8rbMczCy
                OdJ493Z3DerbNSu/Hpkl06cNbA13AzhSavf252fceOCx5q1op6UUh322rlkMHDyZT1PEPUDb0Tzr
                rtr+jZrCSTk0g2X6cKvJPm/zJLGvlr6yX0kA0jYCoFa8Q/XjkQs9H1XVphLchwrHdmrk903Rf0Nb
                C7t/jK0Eq96eOWcUYAjnfNqMZ5KNUBytk/Q0zHA9vcx3C8kNcXylDdcvG5eKt5srNireVXNlYq3X
                NXG5sULq5VcbWmVU4pU7p+MLb7nChRU4PvX6J9OBowG3HTK5OXp47X3tNCrKVp12OFNxYy27F4h8
                Ph4YfKNtxjmjWQUIyDmgCt2LtNUfvNiuxB7jANykE4dYpeJPVeqkZJ7jTl68OQ74T3+kQzIxjXjI
                O1KD78nCQtqyYzW27CbzT5S7FeLU3+E7/ccK/Rf1AnE8vDDu+C28vEOY5E6qTXfARu5jKLihJXbn
                ToKU/jmWCeH4OulEcYHWw//UC5svNmK2NZsvLpgVrNmzYq7NmzYq3XNmzYq3mys2Kt5ebNirs2bN
                irs2XTLGKtZsdTNxwWrVM1MdxzccUrc1MdxzUxVZTNjiMqmFDWbLpmxV2bKzYq3XNXNmxVvKzZsV
                dl1ys2Kt5q5WXirdc1crNiq6uVlZeKt1xVwOEdOpBJ+/Ea4KWFpRb8B1U1+g496qIU8uPfocObHT
                UdlDRmWXqAdl/wBlgqz0tUYSygNI32EPT54f20McK9AXPUj9QwWmlTT7OBSJJFWR1psfsqRh4ssr
                AKz8R2VBRj8vDC6PglC7AHqFGDIbmMtSMDl+0fD5tkoyAQYko+K2Ue1epNWb6cECML0GBopwduX8
                Bi3qinX6BlsZDuYEKoFP7MzIGFKkHElmU9/xriqsD0OSBB2QtAZRjgwPzxsvqKOSb+2NilWQbjiw
                7HBdGuSa6r2UN1GIT2iSDktBJ2bp9+CqGmNp2ybFiep+X3vK846mlA6EBx7gVoc51rFlNaF4n+Lg
                SAxFDQZ2u4hWRCHXmnQj9of6pG+RfXtItbiApdcilD6dwoDNH7SEfEyf63/BZVkhY25s8cqkLedT
                VfTU8QMKURT1G4yV6ppEthahOSyxEVjljPJSPnkReQxyFCCCMwsUSCYnY27SUhKIkDYTO1pULTDR
                oQFBp1wksJCZAD45IG+FAeoy2Qab3SOVRBdV6B8FA7VxDUl5lH7A4oh+EYx5NGYeq+9UzZWauSa2
                zjTjq5RwKtyiAQQRUHtmOIXMhjQkdcCQEml0vSJbl4bm2Qs26kbfqwENK0+0uKpCoUHb5YLEF7c3
                AukQ0Q9T3GK39rIQsqj4W6jKuMxnsTR83OhASxjiiLHWkygaGSLhAoBHhhraGN4Sjj7QowyOadII
                PhOGkEwWU70U7jLTvv3sSOncgHY6bd+lGD6bmq+3thxFIJEDDvgS9iSaJh1PVW7g4Csbt4Jfq8oN
                R3xB6NGSHUJ3XNXGg8hUY6hOFpdXLrmCY4IMKra5VDivH2xGSZIjRvuGO3VaJ5C1wUnL442KaOU0
                Q1PcY2WaQSLDDHydvfYD3wcQ6bp4JdRS/jm4Eiowtudc0+wvY7K9npLJsGA+AH3auHhjj9EPa1ue
                QrVCKCuJurpa3q2BeYtRmS8FvE1CwoMfY/pCBQ7AyKe3XEfN9i8dyl5tG60qp2P44vpGomZVQKXN
                APhBONExHCL73IxSET6jXcn1tMJ1oRQ++LFSlSdh44+CJwtWWnzx72vrbPUr4DYYPBkN5kQHm5Et
                RAD03I+SUXerQwsYoFaebekaCv3noMJ57LzHq7H1WWwtjtwQguR7tks9C0tBuUj9hSpxF52YH6vE
                eP8AvyTYfQPtZITww+kGZ7zsGonPl2Gw8v1sVHk7TLdfUmZpH6s7H+uBfqemBxAtDCxo7+Hfr88P
                b63kerTPI5/Z4LVP+BwlNvd/WFAJ4A7n06dv5O+T/ME70B5MfypG3Uv/1UWRl6jG4ZtGrbEYHkte
                65itiEzY9o2XqMZgV2bLzYq1mzZsVdl0ysvFXZqZsvFXZsumamKtDLAy8sYFcFx4jJ6DHRJzYDxy
                TaVoZnVXYbHITmIshEljyWkr9FwQmlzt+znQLXQ7aMDkoJwxjsLZekY+7KTmPRnwPNBo9yf2T92U
                dHuB+yc6mtpB/IMf9Ttz1jH3YPGK8IeSNps6/s4g9rIv2lOdefSrOT7US/dhfc+W7WUHgApyQynq
                EcI6F5WYyMYVyaaj5YkiqyAEew3yNXVhJATUZZHICgxKXEZVMVZSMYRllsVmbLOVirs1c2Vihuub
                NmxV2bNmxS3mwTBpt5c7xRGnidsUOjalQn0GNOtMbHK2XBKr4TSCrmrlyRSQuUlUow6gimNgtb+e
                G5uIlQwQEAk1qOhyUQZGgwJrmi47J5bKW+WROEIZnQn4qL1wiv8AWYoLeZYGDXKcHiXs0bLyb6ch
                2oa9q0Go3dtZyuISWV0FaFafEMBrdySJDLSjcQBtvt0plscY272Bkd0yk81alPOUtl+21EHzzqnl
                izn/AEfBLetzuKEvToKmvHOY6PYw3F9E8f7sluQB+IfLbfO0WMX1W2hiYhmVOTFehJ+eQzVHYCme
                MXzRnPhsfttsfADwy3uhFGFT4pX2GACzPKASQWNSR2UdT9P2RmZ1imd2O6qAo8Kjf78xrb+FEfXH
                XlyYniKGnc/yjwXGQ6+0862sFB2+VPHAk88ZRo0+1SlR1qRhbbWcsYkdP70rUkdfi/28HERyZiAP
                NlM3ma3t29GJw7D+9kPQf1xM+cIBVufwDYsR+AXIQ1nMSOVfiNSfwyzpzswFewoMj4k/cy8GHXdk
                83nnk1LcUBNAepwJ/j+dJVSPcE0ZyCSflhOdKZXjmjX922+3Y/tD8cDrpaIKOPsk7juPbI8U7+os
                xjx1yes6D5ji1GJSTQkb9vvGH5VWo6bEZxnRJf0bOHtw1D1rXfOp6VqX1iJeYptsTtmVgy8Q4Zm3
                Fz4uE3EbJuTtXxylrlgg7DNSmZNbuMu44CvLcsOaUDAHkCKqynqpHgcGVI75j8Q98kd1YReaDXS5
                P0YoeOrP9XZuQBPVUb+XOX6nazwFmaFkCGjh92Unsf2uP+sM7ZfR/U+Uka8UkPxEbLyP81OnL+bI
                Jr/1e5Yu4VmHIujAhwBsfjRSeIzHMIiW2x+xyceSXDR3Hf1YTay0KkGm+SW1m9SIKTXI+0MJXnbO
                zqpPJSFqAaFaEMeYw002QUArkJtoNt3sYKmnbA8Dck+WDr9VSIk9wcLbYHhucrh1Y5uQRObKzZNo
                XVzY2ubFULfXkdlCZX+7AemSSa3MX4lbaM7+5wr8yXEk9zFp8H22Ir9OSvSbWDTbKOEsENAWPicr
                yy4Y7cy5WmxCUrPIJibdBBwQAAdAMKJowI5EbopqMPI54JBwRwx9jgC6iVJSD0bY5jEFz9ujGRRZ
                cMFYcVY7YjewiKQkdPHElnHDi3Q5kY5XFx5iimBRiqurbE7YGvLYzj1I/gmXceBxkc5ClK7A7YJL
                sVQgbsN8mWohfpN8LlDG+0ibEYahcikcjWF96lNmajZKYpPUQOvQ5IGw4s40VTiMxKrlE0FWNMLr
                u+YckhG/856DBKYjzWGMyOyvdXqxClQD74XRyGeaoIYnbAYDSy/vBzJPUnxw1ubmy0jTzMFUy+AI
                JrlYuW5OzfwiGwFkr7y7t9PgaRhxmVT2706ZFDqmozITD8Jc/EzGhp7Y2+1C+1llkkIiUbLTqR2r
                hfJpM8m4umVjkxQ60puu9L/MNpdyQ/WpiHZevH2xTy3pWu6ujLb6k9vboAXVHK7H2GB7zS9Vgjc+
                o00ffcn8DiHlvWrnSL0oic0f4WQmmxOZGM+k8pU48x6hYItndv5Q0m2ImvZJbuZdy8zlh+OLyeYt
                E0ukEQJ47BYlqNvfpkX8ztqNxGt60zRwU+KFSQv3YJstNs7jS7a7iT1Hk/vGfc1HXxpicsjHiHpH
                WubZDGOIx61YTtfNstw4WzsS1ejysAPuGDYrrUrtazyCJT+zEAP+GNThfaWUUSAKor4jDGNCoABz
                EmQT+vdzcOEDeW6vFDDGeSr8Xd23J+k49yWBXGqDilB1IyDlCuiGAYGhbia98W+rMR6nFeQ/a3xc
                RB6EjL9HY9afyV2yQO1KQLf/1h+bNmzGZrGQHqMQktQd1wVmwKljQuh6YymGpUN1FcRe2Vum2NLa
                ApmpizwOh8cTPvgStzZdM2KtZeVmwK3XLrjc1cVXVyuWNrlYEoy0kVZk5dKiudK0t4zbIUI3GcpD
                EZJNB8wG3K285+HscpywJ3HRnGQ5PRkbF0OFltdJMgZDUHB8TA5jFsRS4qoxJDi64YCywk3TGsuK
                jLKjMvwbi18VINl5bMKjCHWtIikhaVBuATkmZQMIde1KG0tnUn4iCAMxzGUZU2A2Hmd3GI5CvhgI
                4JuZvVdm8cDE5kxtgVuVXMTlVySHZWbNhQ6uVXNmxSuRGkcIgqzGgGSnS9BigZZrw1PXiegyLxMy
                SKyfaBqPnkg+v3NxbxsGp2bKpyNgBytNijIGR5g0nN1rFrp5AjA4jauAz+YGi2YLXEyA+GQDzJqN
                9p93ElzWSNt0Vf2sLdK8jan5mW5uJqwBm5RK1etPDDAb2ZcLdkycPojAzI59Ay7XPP2iauv1e3T9
                9JLGI3A69VIr9Iw/0jy/qo07VInh4Pd2xWMFhRiCGXvs22c117yzeaVokMK28hu7CUSNMvxBgCW2
                45M9C/NOxh06KG/V2nRKO5YCpGZuMQriBug6vJxGZEhVl595l8v3+gSiTUAi3N6zGKJX5UBHFm4g
                eGRd5WhIhgBLdKjqclPnLzGPMuuXWpw1FvbxJDbqd6bVY/Scj+nWhlnjTdncgsfAHJjltsGJ7mae
                TtC1GGdLvUYmhikQSQlhTmp+y6nuM6DJdr6i0IAoFPzG2AG1L0tIsLALxFohjRetFrUfESWwG8vM
                mblxB+ID38MwNRMcdRN+bl4IHhuQpNnulWO6kbahRF+X7WBZbv1ZJOPXkCCO6gbUwsmneSBVWuzV
                PuDgm0iLqjMNht7098qu3IjjJVSXaQuAdz9GD4Gk9UsR8Ljf2Ix0cS8aDbBMAVWHw7422+CKcti7
                7t41oMFx6bERQ9tqHFon2pi0bb06YUjHSkunxAAAUHcDA97palCwFPHvhsp3x5TkpWu3fDVoIphU
                kUls4aNmXidwvf78PNG8yKh9KZH3NK05A/8AAg4+508MzHua9cJLmxaNiOnWtMh6oGwphGYovTbX
                UI3iV6FVPSo2wYlzFINmzkdrcXmnM0lrKSp3ZGJKtTxGSDTtdW4QlSUfoy+BzIhqTVU4eXSmJsG3
                oHIdRv8AI5QkFaHbwORe21K4ZuIeoO4OGcF40yjmKHoaeIyyOojI1yLRLFIb800miSZGRgCrChB7
                /PIfrXlVZVSW3mdHiJIXx+kU3yYowZQfEYncRrIhqK+2XSAItgJEcnhF1peoK4+u2gt5GYmOaELx
                em375VOzH+YYtp9vPFIok2Ph3p75MPMllbRTo8HKEudySWFQex+1/sG+HI7LPOt6/wAdVelWCgA0
                2PQZRIDzcmEie52oRtJGNq064XxqQtAMk8FuJkoaNUd8J7q2a1uDERQHdT45WBunJuB5IQIxx3p+
                OLBcviBkqaVIIMsrRSQOgxXYY1zVGA7g4qwW3WebzBLcenzWFjWnT2w9fT9Qv5DJIyov7Ir0GBfL
                8ca399aytSUPzIPUg4O1KwvbyCRLaZoXDUjK9CP8rMeRvJXKhzdhhjWG+d9AoMt1oa+uqpPTeitv
                gubVrp7SO7excRvxqxPQHxxun6LMqxx3UpkkXdq7g5LY7NJrVoWUFONKe2EiPFQ3bYcRiSbj5Mdv
                o4mgEi7hhXCB/h+QySz24gia368Psk+GRm6YpIR45HHsSO5E+QLdsrSvybpXrhwrpxVfDphNaShN
                icFlwaUO+XFpU7+F3JfthtpEtbYKTuMBECVSlfowwsIDDHQipPX5ZG6a5xtWlLtXbbthTdCRQR9l
                T9+HjKFAZvhGEmsTiMiJGFCAQfc9TkKJNllGgKCMstEuJY/rDisVKg5GdcliF4VpURdBvg9dcv4U
                W2gmJUijfI4VT2kksvqPVq+OWWAAECEiTalYy3V/crFEBTooA3wxvbD6tZG4u3MZQ1PClRlaTCbG
                4NwoIKKafTl6ulzd2U8QqwdwSPYYLiTsUmEh0asNa0kenA85mjfb414uv09DhD5r0BtIuItVtRyt
                pTUsOlDvXAi6ZMDxKkqOlNiD7HJJZXc97pUul3i/WAKpGX6io2y3aB4om+8eTVwSl6SKvkVCCZNW
                0ZoWNWpQ5flB+Vpeaaxo0LcgfatDgC10/UdN+G196qQSD864ZaHp99bT3F7OgRplpxG3evTG4mMg
                DsW4Y5xlAkbjmelJ/GoVAO/fBKDbA0QbYtg2P2zHLmR5LlXbHUPhXHqPDFAgYbdcQyC2M9vpx3Pf
                MUpQgfPGH7Qwpf/XHZeNGXmM2N5s2XgQ7Nmy8VaIBxJ4EbFs2KoB7Zl6b4gUZeuGpGJvErdsCUty
                sFva91wO0bL1GBVmY5dMrFWsrLzYErSMqmOpmpiqaaZrt1p7AEl4/Anpk103zPZ3IAZwreBOc2pl
                glTUGh8RlcsUZeTISIe1W99BIAVcH6cGpMh7j784pDql9b/3cxAHY4NTzPqyCglB+jKvAkDsWRmD
                zD2MTIOrDEZ9StYFLSyqtPE5yN/M+ruKetT5DAM2oXlz/fTM305YBl5cVMPT3PQdY8628QaK0Id/
                EHILfalPfSGSZia9q4AqcquSjADfme8ra8tjCcquV1yaG65WambFXZs2XirWbNmxVfEaSKT44b6e
                QqMvXf7OFdvH6syJ2J3yTQ2SRxlIV+I7k5TkviBHc5mk+mXvbjsLO4lS6uEDvGKJUVoDg6O6isjV
                KAeA2wI0NzHGQqkntTAT6dqtzGyqAhOwLHBe7k873ZXb3+n3cZ9QqSRuDTOa+f8Ayhp8kEuq6ZSO
                WNS0kaAUYDft3wdFoetafyaS7D9SBSnXIxrev3iQzWbk8mDIR412y2M5AjbfyaZ4YyB3sebCdIpN
                FdRABiSrcfEd8mPlfS1+tSXJWoFOPgMhmhiW31JWZepKPGepB7Uzr2l2QtbP4BQv8X35k58lQoc3
                XYo3Kyo3FCxZj9nEFkWT4SaDtTLvpBFsdyewwHDJ+9CKNh39813Vz4hMwiihHbwwbAwIAHXAJYdM
                XgehFMk5GOPVOoTUDfBCDp49cBwPUe/bBasMLMolSae+KxtTcdcDqwI/rj1entkgGFphC/IA9KYK
                RqH9WF0MlO/TwwUjE0I3+jJBiVZ6HqOvXCq7gR69iO+GdSR0+VdsDyICdxgO6Bsxye2IrTvt9JwN
                axG3l9QgryIHz8Th5PCa7CoPXAVxQdRQ/snwIysgLOym1s6Rt1IoKivT3H8cOrIE/F4muElnCbl4
                uOwoshPbYUbJRBFwUEDb3yyMbILiTNApjGCEzVBy4iGUUxsgoajqe2Zn8IcTqkuv6fBPaO0idqiR
                RWhBqCRnL7i0ME7TxSmaNyS9KHiw7mnSv+rnZCysrK9GVuo61yM6vo0Q9SWNmhqwkDIrOdvtfBy4
                /wCyXIUC2RkYpDpUykLyNK0GCdVsY7yH4T8Y3VsAJeoVkjtJVlZKgkbOHX+ZGCt8Y/yfhbBFreiV
                QHO+RMW4Svox/jJGxikFHQ0ObfDPVoArLMvfr8sLaZC2uUaLVMxx2U2AkopLNO0yNNaub0nkZEC0
                8Dh+sSpv0GF8RitzJOxpWgzSahzSoO2YpJlMu3xRjHHH3A/NR1bWIrBeUI9SSoHEZrTzY4QsIS5H
                2ox1wtlEMkvKVgo9zgmzg06GcS+qu/XfLcca59VnKx6RaOn1G3v4DMitGw+0jChGRTUZImaqNXfJ
                u0UE0DGHi1f5cgGsWzWd0+37tzVfb2yfABK2ic7jVUhluCrAVwfDMWZf14SPUkGvTBNvMzEKpyym
                m2VQL6jjgKnucMv0jDbMkbjam5r0wFpaEWjSn7QrvhXqHNw7g0I6nMeR3vuZc04vdUtJwQsqqR2r
                TIhqt9EGISQM52FDXCzUHmoWVthWowpsmee6AbxoBlsYWOJgZcJEe9mGkoZGDN1p3ySJBHQbDCaw
                jWNRTr44aJPTY5UTZLnQjUQjo7ZCpalQdj8sQ+qOAREVYeB6/LBFpcrXicuaOIv6kRKuN9umDh6q
                QhDowuImkQhHAqyHCyysmt3KvswJNBvhjfaqkaemf3cw6SL0/wBkMC2Uok+Nz8bGg/syYN7MYxlx
                UQj1DeFcp/iDeA7Zc8hUBTt8s0RiaMg7MRQE+OT8m0xJiTS1RvghCBQYgvT2xUGmVlhE7IlKHpgh
                MBK29QcFQuKUfZq7HAyVitBsMQK/vBQfPBUKSTSJDHu7niv05KxoNtBZGwBX65dDeU9ar+84r7fB
                k4xsE8gGueUQMYncyND9b//QGY4Y2uWMxma4ZeNy8Ct5eVmxVvNlZsVdmzZsVdTGNGrdRj82BUJJ
                bd1wM0bKdxhmRjGQN1GJCUszYLktgfs4HaJ17YFWZWXmwJazZeY4q6mbNmxVvNlZsVbzZWbFW81c
                rNirs2bNirs2bNirs2bNiqJtCVZnHVQKZLdLmSUDkQDkVs1+Bz40AwTZyzQXAftlEz6y5+nH7oed
                lm7s6py41Awpl1dI2IY0+nB1vfq0Kk71GE+raZbXfJ0qjEdjTJb1szAo0Up1rzDGylI2ofGuQXVL
                c3CtITVuoOCta8u3Q5CGZ9jtvXCy1luAwtLo8pCQq+9TTJC+fPyRPkQQa7068q6PHfX76vPGFjWi
                ohFd1HEtXJvNJAF4qQD2xK3s1s7VLVF4FFHP3YipwBcqymp3+eDNMmW7jY4Ctkv1AH1KsR7AYDge
                suw2GDLgLJEZP206j2wstHLSvvXffKot8eadLvvisZ8DTA0ZqBgmM7imFyYpjA+1MHxsT1wvgpWl
                fowfGenf3yQSUaoqPbFAtcThI4mnQ4qhpsehyTX3qsYIIwbDyBoBgFJVHwntirX9taqGmlCfPCGJ
                TApt44kUNakbYT3HmywiNIz6nuNsUttZurwc4bc+kB8TsCAPpOHhvkwMgEdJED8sKNTjVUDVpQ74
                pJ5i01Z0tJZ4lnkPFEWRC1fDiDkd17zFp4MkaXkBaA1miEqGQUpWkYbk32v2cBxyPKJPwR4sAd5A
                e8s78t3dkbL94eMleJr4Lh/NIWjH1ZfUJO4BGw8c475a80Ry3ciovO0alWbYhuxA8DnStJ1W2MwQ
                n02IAodwfpyeMSG0hTiZeEkmJvqnkDvGeEgKnoK4tNR1+E0YdPnmnPOHkpFRurA7YBiuecYY/wBo
                OXn07dGjnurMpahT4T1PvhfqPJo14kqQ/iQNxhnE4ZSD1xOeJZV4nxrXvldb2ytgmowNyaTijyAk
                I6qqsPAHxwpQXJuDxikoQCQFJAPfpnR20KykjKrJJGSKGjVPWtd8ReKKyi9JZDIx6EjrTx2+1k5R
                ICYSFsNmtruaAqYXrSo2OAE029bb0W+kUyewySSoCPh8a5pJbeI8narZQXIMAe9hUuh6jFEJTEWU
                9l3P3YXyxSRmkiMp/wAoU/XnQBI8rVXZBgeaS1vZPq06B1GxNOmRQcQ6PKdblZAqE/Cd6fLAMjXD
                2LNA3xU2GdG17yPZ6igNrO0Lj7NdxkRm8o69pcTrwW5iFSGjO9P9U5EQq7ckZLER3AD5MOs7LUJ3
                9S7qxr9jlQZJLXT4GV4zbVZgOJ5dDgAW8xlKkMrDqOhGD7O2mEgqWBHXLQprrZ+Kk+i6vDIJNOma
                E13UklcTvtKu2gd7yT1JQKkgbV9slcRdEofvxC6hMkZY71GRNqSHnEkJUYy3UpKDWg6nBV6v1a4a
                KQdyR8sLpJatUbAZOJsNMmfaVMraaAN+oOAJ4qxPXqW6e2JeW7j1rURH+ZlP6xhjJCWmEYH0ZTMU
                ygWG67xhtzQUY/aOR7Q2L3i1/myVea7SRIuRWikkjIpojcbxV6b1y3F/dyYZP72HdbPYia8R2wdC
                jNTCuO6ihT492PQZTa76R+FengMoESTsHP4gBuWSW8JDVJxW6DRpUH7sj8Hma3kIVzwb3GDZb5Zo
                /havhk6obsRIE7G0n1FyzEk4tpV9AE9OQhWB+Et44XalIQTXClrj4GKnpSmCIo2nJOqIO7OhLLcP
                wgCE/wA7tt9wwFJJJ6vpm65up+JYwFA/XhFoUvCaWdq1RDTDWyRXlebx6fTvk7HcwGeUjR5J5bkm
                MAnp4nFtwd8DRNSgGLg1yJopBIJ7lVT3GLqfvwMppioFQD2yJbAWReXQHvPUYV9IVHzwdcahLJrt
                oanhDzNK9SyMn8cJtEuvqtwQaUkBFcGSKRqcMvZlJB7bA5O/3bQR/hAJ7tn/0RmXlDLzGZtjLxuX
                XArebKy8Vdl5WbFW82VmwK3mys2Kt5WbNUYq1jWUHqMsuqipIGNDg9NxilRe3B6YHeJk7YNMijqa
                Y0vGdqgnAqAp4/dmwYYFfpiL27L03GBKjTNllSOu2bFWsvKzYq7Nl5sVdmzZsVazZeXTFVuXmy8V
                azZeWFJ2xVMbOL90te++CXUKKDriSHiqp0oBjmptU5j8yS7THHhgPcmGnBi3Evt4YG1nVf0dGzTf
                Cq9/bGpG0Y5K25yN+YIf03PBpMl2lqZj/fSVIAHXpkwCSI3V9WueSiZDenSa9ZXLD4wS3TAU9jFK
                wlSnKoIP049Py002NKyeZE5qPhVIyd/vwJo1nqskt1p6KblrV+BlFAtOzHkculhMd4S4/du1R1EZ
                3GY4NuvJm9g9bdOZqQBU+OOuYOQrTr0xDT4Li2RYbnjzGxCsGH4YcC3Zk5KKg9MqyRPI82MJDoxK
                9s3iVpQSoAJbwpkasb2NruZFaooCCPnks82TNBo121D8KivyJAO/yzj0Gp3K3XpWXGOp4K8nWn+V
                UkDHDgMgSD5MsmcQlGx57PSpdVt7OLlKasfsxj7RxGLzVYh6SI8fuRXIbfNq1rJFKdQRZJUoTbgE
                bf5RLb/6uEt9d6kWLvdNcIDQv3B/yhl/5WtpHdh+d6xGz2W117TptlmUHtyNMNoryN1DROD8jXPP
                K6leLsJTTwwxt/NOo2ap9UYwyKKO1eav7lHrQ/6pwHTHoQzGuH8UX0BFdj01337nBnrqY61984NF
                +YmvRrRxDJToShH6ji91+Yut3Nr6UYW3LAD1I+tR9vryNPs8cRgn5JOsxVyN+56lrfmL9HoojcLK
                54rU1JJ6AKNyc5nq/nieSdlUSPIlVcuStCDutDkPuL24nleZ5HeSTeR2Ykk9abnoMDdd8sjhA57u
                Pk1M5fSOH7WQz+bNUYJ9XuHjNKvQLs3+Sx5NTAdzrerX4C3t/cTqOiPK5X/gSaYWItcV9M/LLaA5
                CmkmR5m/erh4yDUEn3OXKyQPE8Q4MRR6dwcCpUuF+/FW4szEnkQNqY8lG4qgznyLcst0eR5IxBAJ
                8BWn3jOu6OIzeuC5HFgI/Die345xHyeXNzFBECbmb1PRHbZQ1WztukwgyKkhCSEA8+3P/bzHzGpC
                I6ltwY+KMpHlEM7huzB8DGqGtCeg+eBwQWZYiF3qadKHEo4JWBWdR0qGBqD/AKuOt0Vn9LlQAbHw
                w7kUfgwIAO3xTO3jYgHkD8jmlLp+x8Xj4jGpBJB8XbqGHT6ctrhgNx9IxMduoKAfiFSOfgOVN+4x
                G9WO9jYKCCg5c/DK9QsK7Ae2BLy4EMQDyenGSK9tz3wgkjhPJB52lwupAWhY0YCoYftD/mrCWC5u
                tQ1d4GQxw29BJX9tiK1GCLy8hhkVVkWqsaqag7nrthb/AIhisbgyOUMUhDLIp3A6dD8XXITi5GKY
                370+1jU49OswEFXYhVp4nEbIpa25nlNWI5MT44S69qNjzs72eYC1ZqkU2rTAGsahLqFk8OjMJSwp
                1pschW/ubRy96d2/m2yur02pYDiaE1FNsPhe2jqArhvpGeeWt77SL0w3wZC55K9a1rkr0vVFjA5z
                kgU+EnrkuXPdjKJ5xsV0ei6voFnqUbTWyrHdDdZFHWnZsgLaitjdSWlwvGWNuLKdtxk60PVvrsY9
                NeIG1Mh35saWDb2+tW6cJkbhOy/tKehPyOAc/JRMgUd1RtXtwooRXwricmqQ8DU9e2c2try4NCxJ
                phnC8s5HMnJSigTvoq66yzt6kfbCKqNsxoe+TS30kTxNyH2hQZF7rTJUumtwvxA0+jIRNGmUga4k
                /wDLsdIYpFPFfVB8KjpkrS3X667kbUyKWKyRKI12jQBRXufHJVaXK3Fs0yGpIofmNjkJ7lAsfFIP
                Mts13DKw/wB1V/2s51aLTUVkUUG6t8xnUtakpZFUHxupr8znMG521+Ij05V+nplmLlId4Wf8J7in
                sxIIala5cJRxUAH2wzt7WO6hQt4YWXmjTxMXtnandRtlUCLomnNlGQHFEcSjfemp3j406+OCNJnd
                5fRapB3UnAMen3NSXV2J6lt8OtOsmhdHYUII28MslwgVdteMSJvh4UD5j/cVI7gUyNwS1VlPXqfl
                kn80/GVyKpG6kFexxhVG0ZxIyFdyfaNIoZ426spGH1jPbxRUkYJ7nIrakoyzjamxHzwyckxinfBt
                fewgCCyAapZcwiSc26fACRhjE6uAw6HCfTLcJblgKE98Mbf4cEgOmzdvXej1xZfDwxFacRiilq9N
                vHINkURG5Rgw2IO2HtUl036/uRA1OVDsW+Dj/wANhAtO+O5ypJSKQiCUcZ4uxp8SmnjyC4QaBHQo
                nj4pRkDRifs6v//SMDGR0xpFMEjMVBzDstiFysXaIdsSZCDhtFNDHY3MDhVdmzZsVdmzZWBW82Vi
                c0qxIWP0DxxS3JKkSlmNAOuE97rkcCswPFF/aPf5YE1O/KqXnND2jyKXEd1qc/7yoSvwxjsPFsMR
                e/RJFbdUfL5pmuJP3IJHbwwVF5sFrExmBZgNgPHCa4W2sk4Vqe9MKZ7hJ/hjGSEQVKcP5wuJWrUi
                pOwwTB5huT8fIlfDIvNatAqN47nF7Nw3wk4ygKsLEm6LP9M8xpIyxy7M21ckcbrKvJSCM5vDa+qA
                Ury7065IdLnvbQAUMsNdz3HzytmY2yd4lbrgd7cjcYISRZY1kQ1Vhjuu+LWl7KV2OVhg0at1GIPb
                91wUlDZseUYdsbQ4q7NlhCccExVZl0JxUJ7Y4JiqiEJxwj8cV4jL2GKqYQeGKRpVgM3IDClPM+nx
                agbWRwKbcq98BvhNC9mUKM4g94ZLBF6khr0zXNnKgLL8Q67dcE6ZcWUxX0pVeorQHfD2WzikjrTt
                lEA5+SXcwtrqVPgLffnPfN1/MmtWwhkKsiE1HiTkz83yfotGmAI3oN9q5ym7uZLu9S4lNWY/d7Zf
                hiTOzyDi55VGhsSmEeq6nzB+tSV+eJ2moXaXEj8ySXDNUnck4O07Qbu+VZkSkZ/aO2GZ8selyNeb
                HrSmZXFAbOLUjvumWiaxdyXaI7UiHbOn291G9uvDag3rnMdE0a4WepRlj7s2TaOUW8PAnYDMTJIA
                7OTjBIFpR5qL3Gm3luG2eNgB4mlRnE4YRJJIrNwYH8c7VcBbl2MjtxofhUfxOcm1Ozay1maFgVWQ
                kxg/PbDppbSHxZ54C4H4fqSuaa5iCwFz6aElPp8MSS7mifkjUY7E+PzwZcxswKlaEd8AmBwa0zLB
                txZYyOQalkMzmRgFJ60FBlJG0jBEFSemWEYGhG2GmmTW1s5adCSejjen0ZIVfNjUu5Dz6esEUbMS
                XY0bw6HJzpn5WX2o6B+kYbgG54+oluVoDUfZrWuR5mh1K/sbaE8kaVfUptQEgGv+x5Z6O0T0UihS
                IfuyB8I6UGV5p8MgIlv0+ESjKUxdbB8qT2s0Fy1tOhWVG4MvcMNqYYx6QgiIlUlz3U7jOr/mP5Kk
                kuX8y6PAZJlYteWyivJP9+qB+0v7f/BZCIXivIPWh6rsaVG/+Vttk8cokcR6cwwljIlwDryP6GIy
                WIhYqXJPsOnzxkgTiqQqwO4d27+FBT4clB0e6vJS/ClR17bYIj8vtCA13IIlG/xU/jkTkF7Mxpz1
                NMThtmpWlScEta+nBJK+wVTv88PZ00yFwsMouJTssFuObH7tskvlnyJfa1NHe65AbPToXWSK1O8k
                pBqPUr9hPHIGZ5nYNoxwAqHqke7kPeUw/Lry19T0qLXL6IfW7hSLUHqkJ/a/1pf+I5O9OnigvV9b
                o+yE9K4MmQCIRqAFUUUDsB2GFNxCskYUniTWjeBzFnImXF1cqOKMcfhd/X9LPYTJL6dV+HjRv1Vw
                QLQKxmp8FOmEWgaq0kBtpnHrrRCelRT7Qw0GrBJHgdf3daB/bMgSiYgnq66eOUZGPcqR3rqWhkqV
                P2fbE5LlBtSre3XBBtUl4tGQeW4O2/3YFuLZ7dvjoa98TxV3sRw+5tZGP2R8xidzbSXC+kjrET0Z
                hUA/Tgm3ZAKggnAmpujwuHFKKTWtOneuAEhBAPJjus6RNEpkubxHFPsj4a09znKNZv5ry7lVqP6X
                2DGd6r+17nJRdTXdzI0dlM116bmNoH5+otf5TQiRf5cgWsxy6I7i9kDTk/u4mUr+J4uMuAB5sBIx
                O3NfZeapJX/ROqDnAhopPY4dzNf6BaNqthMJLICrdyoPjkAuLhZ63MdC3+7Fb7Sn3Pce+KN5nu/0
                bNpxNVkBTfeq+ByM8XWLfiz1YmfcVbUvNp1C5EtzylUeFB92G+i3kN7CXWoIPQ5z2mSPypPxu/qz
                GnqMKYzxgRJHRjDLKUtzze5eVJRGig9T1w78zWEeraNcWrivJCR8wMj2io8LL8J4jv2yUC6Rk4N3
                FMwJ6zTYxU8sQe63OGlzSPFGBrz2eK2WmRrVGG4OGtvp8aNUDpkgvfK7rdyXFm/JHPIIdqE9RgM2
                0tqaToU9z0w4tZgzGseSMj3Xv8mUtJkxi5Qod/MIm2pxCA8T44Uan6SXToGBkpXlQVwLrWupp0Lc
                WHqEUUZDP0xNLOtwz/FyqcuGKU9xs0TyxgQDvfRmtuGFs0j9S23yGVo11LHHOhPwFjt71ykuFudN
                SWIjpUgeOMs46GRVOznkMqHOurM0RfToipZjdT8D9iPc5AtZYDUuadA4BybajdQabaOaj1X6DvnP
                71i9GPUnkTl0PqtrkbiQzXSpv3KjuMPoo4ZPt9ch+lT1jQ17DD1bzgK1ymUakfe7HDMGA9yayxW0
                K8iAMB25jmYuo2rt74TX+oSTn0lbY9cdbX9xaJHSPki7E+2Hh6rKQ5BW8wWSSQCQV5DIbEyiYqdt
                8lWq621zAYLdKu3X2yNCwnd+b7UyYia32aJy9QrdGGNSlF+jBpjPpKKe2AbKNzOEJqF64cM3EcQM
                gRTKxI2O5dps80belWqE7g4dRj8MA6fCAvOnxE4aqlF98JKIjmVWMkChwShFMCBqDfxxYSADItkU
                TUAZXPAxmA74z1l5e2Fm/wD/0zcZeNBy8wmxvKIzZsVWFFOMMZHTFsrEFUJK4hRnfZVFThdaa9ZX
                W3Li2Ka9NSFYQd2NW+VM521BuhKOCQabdNsuhHiFsDKi9SR0cVUgg9xjsgCahqOnlWiZpYivIHc7
                ADl+OTaxuPrdlBc0/vUDfScjKJHNkDaJJAGFt9cCCFriYbt/cJ/xt/zThxGI44nuZhVF2p4k9APn
                kRuZ5dUvHYCqq3pxKOlTtX5LlMpWaHIc3IxwocR+CWmOa6b13FSzcIVPQnxOGV7p8ek6crVrcSjk
                7exwRZ28Z1JFB5pB+7jXsW/bc4J1aFtQvUtj9jep/DJCdyERyC8BonqXntvpWoa3c8LdCUJpU5MN
                O/LS4dA0pAb55PNE021s4VSKJVPjQZIYFFBTJSy93JnHAOu5eQ6t5HkgWrbgAjIhLpMllMRT4c9C
                6paLNA1RvQ5zfVtOXmwI3HtkPFPXkWz8vEjbmGN6ckgYSx/sirDxGSC2R7aZb1Byt22mTwr3xvlz
                T1lmmiYGq7D6ckT2ItH9Fl/dSDpTbAS0kVsrpprRItzbjlBMK8R2rjJYSjdKDJBoZVbf6s4qB9mv
                b2xPVrVUQyqNh9r2xjLowlG2P5RxxpU0NcrJtSlIARiPDFZCa4nvirQUZewzDriVzOluCzfQMjYS
                ATyVv1Ym08abE7+Awpl1JpgVRuI9sD3POJeUcldqs2Nk+5sGP5phPqqRMQRUjtjItYRjR0KjxyJX
                f1h6mOQ/F9+IWV1dW04EjMRWjBtxhI2sFPCLohluv6zHY6eXjaskoISmcukmaWQysfjY1Jwx1u/a
                8uW47RqSFXthQcyMUKjZ5lx5kcRrkE70vzDqGmTrLFIWC0+E+Gda8u/mPYaiIbW6PpzueBqPbOGg
                4oGZGDoSrDow2Iwywxkbqj3hlDNOO12O4vYvzKMcuiNLEQ3xKVIzkNoqtOhnJCVFSBU4ZyeZL2fT
                JNOumMikDgxNTUHCM3ZHbpghDhBtOTIJkEdz1vynfWz2wsZIuUS1KFx/EZL4YNNWpECjOKeXNXlh
                uVjViC3ShP6s6raXTSwgA1I+141yjJGpc+bOErHJkKW1qy1RfiHv0wDPar6hqdj0wGmouhKmtF74
                nfavxWOM/tnYnKzAHm2CRHJdNYkrUHY5DvM3l/68qqSI7mI8rebtX+Vv8k50O1VLq1V1bcj54VXE
                AmkaCWm1eJI6ZEAxkCDRbb4gYncPH9Q4W1yYb6GS2alAXFQ3+UGX4T/scDenauBwlQ/TnVmsomX0
                LlFlU9A4DD8cDN5d0aU/HYQV/wBQD9WWjKK3FHy5NgwyO8ZCQP8AOG/2PMClou7yoPpr+rGF7dz6
                dsr3Ep+yqKaf1zqyeWNDj3FjAD4lAf14obWwslJihRPZVAr92HxR0BKnTTPMxj7hZYh5W0G4tWk1
                C/QLMwAiQfsg7mv+Vna/KYM0CEn7G1MgCt6vGmwYgBc6B5Uf0IynUE7HIcZlOy2DGIYzEe9Pp40A
                PqGgOc41vyL5bnmlntLibTriU1cwMVQn/jH9nOlXUaTMoNaE70wt1jT7QWkzyBfhUkHauS9QJMTT
                XwxO0hfveUr+Xblvg1ycqeoBAwfa/lbo8hDXtzPdEfzyn+GCjHMp5o5U9h2xW21KeF+MjHb3weJP
                qS2xwYjyiPiLTvSvJ/l/SAPqlqisP2qVJ/2R3w4lMcahU2GEsGqh6cm/HF2uvUPCtT4ZEklmIiPw
                RZPLp3yP6/IkMMTSKWUOa06jD63IkQEfsmhwj8zIps0BNCz0U+56ZE8mE5JloghljWa3JG/2wTsf
                8rD71Fil/fxcw3Qhyv3jIDpE0tq0bqSvqf3q9gf4ZMxei4t15fbU9ffDHlts4eT6t904hvWWgVeC
                joFqaffit7drKibmo2IpTfCNLv0qFuvYE0rglLyOeSPmDSn7PxCg77ZdCRIaJxAKM3jQcTTavInf
                CTXdSktrCWVQ8m1DwWp+jDHU7yCK0B5qvGtSxoaUrnLNe83ySSfVYZEFs1FSYMK8ycnW7C9k/wDJ
                uqW/1n1FQB5iC4YUPtWlKfRke/OxdPuns5wON1xYFh/L2r9OQ2HzBquh38rTRGQhjUEla0P2gcK9
                c1bUvMF6skisEP2RUt8NffMrbgAvl0cejxkpTC8UdHLV5Di4HfA8vH9gYvdRpEwRe3X54iTUdMiz
                Q9AOuTHyDoX6S1D67JUQW7CnarZGLTT7vU7pLWzjaSRzSiitPc513y5ZLolslmAA6/3n+t3zW9r6
                iWHSy8PaU/SD3d7tOxtLHPqvWLjjHER3n+Fm8PEKAB0wSpwst5wQN8GJIDnCzsmzzelyYyCiQcSu
                baC5QxzKGU5YfHcsEZyiRKJII5ENNF4l5+0O+0rUVlkb1LKavoP4EdUb/KyJKzsfTj3J6Z6E8yab
                Bq2k3FrOgb4S8ZpuGXcEZy6Ly3aoQWqvHoc7PsjtLx9NWX68Z4Sf5w6SdF2jouHKJ49oz3rukOde
                Szy7NOto1pODyB+EU8cPJJo9MtfUc8pabD54mj21lHRCGYD7R64QajeNcMyk7HpmSfVMkDm1RHDA
                AnkgdR1CS6lLynlv0wNKAyow7jA8oLOVU71wZGnqQIw/ZJU/Rl1AANXFZKO0t9jH3XbDKR3IpXCC
                1uBBcANtvxP8MkS8Gow6HI5BRvvcnBO4Ve4QDSLGeUhp4nDOC5+sRhbWMyLsK9BgKWIM5VhUHbfE
                4bW4sWLW05VW349q4KieZpn+9s8FH3pmdPuvVdVhHqIvI1O1D4HCu9eS1WsqBajoDg/6zqp5PzXk
                R9qu1MKDbzXM4MzGRiaAHcZOh1a5DKOYARukxs8LXDLQv0BwURvhpa2yQwqlBsKYlcKq12GUnc23
                QFCkXYoGhBHY74K5hfoyPR6g9m1Rup6jNJrdrK1I7hVbup2P45LgsWGPicFg/BPnlHUHEXuuPbI/
                Nr9lDu8oPspri9vrOnTgMJga/skiv44fDkOjH8xEn6gEz+tM3QY71HpXGQ3NlKRxdfvGDglvwLch
                TrWu2RrpTYJ7XYf/1DYZeNqB3ywynoQcwmxvNmzKpYgKKk9MVXKrOwVRUnHXEElshkloFUVJwakA
                tkVm+2dzkU1XXpLyb6kh+Ff7w18O2QEiZAAbOR4FYzORogWgb1mumd6/aPwj2rkLuU9O6uF/lkYf
                jkrvZGheyYbLJNwPy4k/wyMXJS4v7kxMCDLx4/OmZsHCPNOLeSKJY7WWtfq7qxHi4DjJBolyq6Fa
                /wA3xRj6GIyH6nC0V7JIhPBVjFfCooP+I4ZaLduLMRk/DbszfNm+yMr1AIjY8mzDwk1XvTjXNSkR
                BZwt9nbb+Y/aP+xGO0qKOCF5OrRJ1/y2H8BhDcSh7jkxqEHJ/wDP/KwyguR6AiU0Jqz/ADOYUgQA
                Pm50UZpQWIvPSpUlQff/AK6w3S3pcCU7tQD6TucJ0dbf6taL9qVgad/HJDVVmVSd6io/DBEkTvvT
                QIATq3IQDDe1IIFO+EyEUBwysn2yVt1Iq5+KMgeGQXXowshPjk9NGrXItr9kGBbCeSx2LF9DmEGr
                GFthKvJfmMmF9GLm29RPtpuPoyDX6Gxu7G9XYCUIxHg22Syz1BSzwsdxuPcYg1R72jLD1Gvei9Pu
                lARuhGzj3wxvZo/TKtujihyK3dz9TuqDaKXevgccusJLE8LtuOhridiC11YQ0lYL14eqH7P04sTT
                C2S+WZyT/eRmhPtg0SiVQy5MSapx5FpqE5VMvKO1SdgNziSxAUp50tY/Uc/IZHru6lu5SeinoO+K
                6jfLPL6UXxN0AG+JLCY2UNu7bn2yEdzZ+DeBwjb4u9L0oGTj8R3r7YD9fiCp8emGDcPVcM3JiKAY
                RTs0UxBFd65afuSBQvvRsulyXcJlgO43oMDvCVtZTMP3kS1J+jLTXpIKJFT3xDWNdhn0wxhONzIw
                DMO698jETJAI5lEjEAm+jEm+MsT1OIle2Kg7kY1hvme4Kwd/bFAarjBtjkxUuxrqnh1GPOIzGhp7
                YJJjzRFhL6FwsnQruDnQNC8y2iuHuX4g7Me33ZzJXZSGHY4Ij9SWQKtVBO9NsqnAS5tkJEbB7Tc6
                jp3ESC4BR+lP7MBSLdao6w2i8wfsnt9Phkb0yNjaCDluBVeXjh3p93PZBuO0nY5ik1yLnwwEjcb9
                GXaRpusadbSRXSq6JU8lYVHscK76/geTgSVkBoD74BXX9QCmJpjRvtA4iHimYM+57nIyogVzT4M4
                kmQ28kWC27k1AxVbgDau+JxsqRSRn4uQ2OBuHLdTvgqm3DPmO5HSXVF64GQCSsj7k9B7YkY5DyDV
                qvQe2OMscS/vCEAHUmmHo2yNtcxCVZl+BT9oeHuMlui6rDDFGagrXqOm+QN/MOmRMVLs9O6io/HF
                LbVdKuGpDd/VCx3V1oh9+tBiNinw8hH0kh6bqXmdLQKsI9WST+7XAcJv9RT1NQegJ+GJNlHzyHjU
                9IsSJ5bz63Iuw4Upt+yG3pih88andj0tHsgqjbnTlT3LGi5Z5sY6fId6ER3yPCyW7saD4RQDphJc
                2m9TUEdKYEun86zj9/dJaqAjyMNgoc8V3I+mmA7DTdZvblpJtRmkhhY1krxVx+zxX3wcO12x61GQ
                lXMx+kfFHReorcWNQOvyw3iidJFkUn4SpPurbYhawf6Twbei0P04aRgcZHI2JVV+Sb/wyuyWR5Al
                FWL/ABz+Bc0+/C3zWi/oxZH+wkisxHgMMbNCsVT1JLH6cL/N1G0WVOQWtNz4k5KtmnIaNJZbXMUs
                UdyT8J2cAda9MkFjK8/7tUIQ7lz7ZzoeYI9NaO2iCTL+2WNEJ/Vgu8873L26wowtU6N6e5p7N0yU
                ccz7nDnkiCy/zNqkFjHHR05k/AHIFT7Go3yMSeZI4v3v1SRiQObxPQISPtcd9v8AKyAahrv6QmL3
                MkslKhEJAO3SjYXtfv6oKuyqv2VX4SPpBzJx46FFxpzss01PzJq18qI9RF+w+7kcT9qn2H/2RyC6
                pdNLcSpyHpxsfgAoCSa8hTpjpb26kJVpXK+DMTjHtDfTAQ0Vm7HucsoDdiLJrvR6+YzLarb3KLME
                ACuw+MfT3wO+rM6hIkWMj7JG2/8AbjP8OapWiQlv9XAU9ncWshiuEaOQfssKHCJA8jaygY8xSnLI
                8jln+0TvjD0yjUsa7nMemFD0H8uNe03R0nS4tvUuXPwyjqAe2SJ5+UzSdObFvvNc5boVwINThDbr
                IQh+k7Z0puvyzR9tEmWKHSiXpPZ2IAzT62AnFtecaAnDWG7Dd8iiykdDgmG6ZD1zncmnB3D0hEZD
                dlq3A8cUE48cjiXxI64st/4nMY4JNJwR705lnBjYHpQ1yA38L/F6Z2B6ZJzdc1b5YBkt45fipQnO
                h7D05jjyTP8AEQB/muh7ZmIzx4h0Bkfiw6WKRq1FcLJoS1a9cmM1oKtRadcJLq2qCQNx3zeCLpjN
                jMsaQSInVmYFz7eGDolVbh4R9lqEfPE7iAo/JxtWtcDtcMZzKh3rUZIiwwEqLWo2xQM/dTSv6sF2
                F8XjEch36VxO+nE1uT+0QK/MYXwll+JTuMIFxop4zCVjrzZRFIGpz6jb+3F2hkYUUVBwntrxZFCs
                aMOhOGtpfIDwc0I8cpnAgudiyxkKJa+pzgVpRRgjTbfnPyPRBU/M4IkuFmHpx9P2jimkgem792Y/
                hibGMyPXYMZkSyxgDdbn9CYBa0GJXUC8CcEqO/TCnVb5YlKKd+hyERezbKQiCSaASPUJQgYV3yOB
                W+txydQW3wZd3DSsfc4gBUA9CDXMuGOo11LrM2bjnY5BKZgQ7qezGnyrjQcufkJWD9a4xd8siGk9
                VVZZFNVYg+xpi41XUFjMAuH9NtiK+9cB1oaHKrvXDQUEv//V5reebNWuiazcB4LtlWHmzUbOVWaQ
                ug6g4RcGZxGoqSegybeWPJEl8yXWojjB1EZqK/62UTMIj1NuOM5mos40LUhrVqs8antU0oN8ldpD
                bwoC32huThLHHDpsQjtYwkaDenTbAb6w/Ekmm429swzktzcenrfmUx127uBC/wBUhaR6ELQZA7O1
                uI5T9YRkldiWDdd86ba3tpLGhIB2GCZtO028AkaNS1KA98nCQG65YyIoPGfNupJbLbQRt+8jfnT6
                CP45B47qa3cup5Fm5GvjnbPMH5XW2qc7qGRopjupqSv3HOR655e1DQLj0L+PY/YlWvFh7HMyE4kb
                OvnilHchEReYecbpcdW49dx8NafrwbYXrCNiBRGNafRkasbN7659FfsqC8h9hkijRYo+P8u5GRzS
                24WWGO/ErxTs5bl+01W+Qwzs51VgzeP9uEXq8Iye7GgPtgiGf4D7U/HMeUbtyYlkNtcNPrCTt0jH
                wjwoMGS6z6V1O32mjAoPcdcjsF00CNKAebD4flhlp9j69sL0srCQleBP7yq/FyKdkNftZARBO/ub
                dxuE5TzBqc3FooflhjbeaL622uIengMJPrzRpHFa+m8zO0bRA/GvEA8iv8jcqK2AL/Ur2MlGNGVu
                FBQ1NK5YMVi+HZic0Qa4vJ6TZeZoLoUPwv4HbFL6cXEJPWuQTRJbu+mSERhZCaV6AfPJlZoWk+pT
                MDKBWi7gfPK5bdPJviQa91sc1dUm02ZTs0dGT5qa4TnXFhkgcbuVANPuw41eMwzSW7qQrE0r0IyG
                yv8AV5JEERYR1PLrRcMY2KLDLKjYZPNqaXsLxsaOu6ZHG1B0uXStCDXGQaik0q0HBuhxAWl1fai0
                VpC00iqWZUFSB448B3iR7mu4ipA7Itr8pL6wOzbNkm0iYT24dTUVyKpYSSOYJVMUvdG2P3Yd+Wma
                JZbV/tK23yyIPTkQxyR9NjcMhAxDUIpGi9NDxDD428Bgy3jLsPvwLq19Bb/uyKseuCZJIiOZY4h/
                EejHi0FmCtuPiHWVtzhXLqsqycUIcnqT1xXVdV5D040Ug+GFNpE88hY7HLYxERZ5pFzO3JNYX4q0
                jn4z0wFcxPOxb78NYtPYqCTX2wwg0tXjIH2u1cjx77N5hswl4GRwQNgcJtQkrOwHRdsm2q2AtYpJ
                KUABJHyyBSnmzHuTXMjDvZ7nD1Aqh3uViTXHtiSdflivXMhxmqU3ywM2YYobptge5IDDxpgntga5
                FWU+2JSOa2KMtuRUdKYf6fZh2Q06YTwEFFpk30a3SS3BNBSlT4fPMfNIgbdXM0sAZWeivAVgXfbw
                GPlkupaeiBt3zXdo6XHoKRKw+yYzUNtX4cXs0ubq4trGzVWluQRG7MFUMoJKszfZbbMURJIAFkuf
                PNijEynIRAF35BKZYL5X5sSab4P0uaSZ+L7Ad+mAY7nWHm5Rpx4kg1FR4HF9I+sNeOJPhQE7DoDX
                thmPTZ5jonDkuQ4QTGXVMroSxXkFvHIgSZuIaQ0oT7jBluXRgko4k1ANa9DQ9MQv9KW+p6L8ZV3A
                J608MDxWzwzFnZhJWrhjUV6VwHkCxMJ+JUQNufmGSRr6ygr/AH0f7PiPDAd9p8N3Edq/5Lb0PyzW
                s7k/AaTJ0PiMGtS43+xKR26NTw98G4LbuwJrf9EXVJbdJYXapVh1Ff2ThkR5XnHM2kkdSDswO37S
                /CRhzdWcV0piuE5D8R7jCGfy3PG5aznBT+STY/0yfGS3YY4CfVxYz/RNBNLa38spcxzWVhPdQp/e
                IwLAH9ndjTDw67Hac0W2Wyt5COakBmAXwH2RkQi0fVzxVpFABBFHPUewGH2m6CXdXvnac1rwANPv
                O+ESPu9zecekG8pHJQ/ikZH5D0pnAs3mC55QRtHZinO4kNWeg8D8I/ydski2kdvAI4hRFGXZQGOJ
                Y0QRRLsFG2GaQBhv0HUYkkuHmycRAiOGA5AfeUgjtXi5zUPOQ8UHucFCP4eI+wvwA+J/awZOh5c1
                A2+GNf8AKPf6MB3MyxL6a9EB5N/xI5ABrlIUD3OkuEiWg2A2yDeddYa/9PRbBuTK3O8kHRT2jwJr
                Xmp7m8XTdKYmZiFWQfZUd3+eN0izCzcZt5XPJ3O5qe5zP02n4iDLkHV6nVcxHmWMT2jQXLWvHlzH
                2D+1tuMB3XlvVoLF9Zt7dn06N+MjqQxibwlXqo8H+zkk8y2K3GpCCJ1WbhyjP2QxHUfPJR+UEs1p
                qV9pGpwera3seyvR0LKdwwNftLkpgRyyANeRaQTLFHa66vHeH7ZO/UDvmFSfiAJ8c9U3H5V+Q734
                5dGjjJNawPJD19kYLgGX8lPIMuyW9zD7x3Df8bh8ILF8ztvQgUx8blGDLt756Mb8ifJhBCz3616H
                1UNPviwovv8AnH/T2DHTdZljb9lbiJXH0tGUP/C4oeXWfm17COPnHzYClfGmE/mLXZdcmFxKipwX
                itBQ0986Bq35G+bLKB5LOW21ICp9OFmSTb+VZQqt/q885feabe2zvbXKmKaM8XikUqykdmU75ERj
                E22HJKYAO9fNALuMsjDjRfLOta7P9V0qzkuXH2mUfAvuzn4Rksb8mfOSSRIVtmWQj1HWavp/6ykK
                W/2HLDYYvPYpDFMkq9UIYfRnULe5W5ginU7SIG+8ZWq/kvfWsBOnagLy8jAM9uYWVd+vpuC/Lj/L
                xwv07TNc0mGSx1OzmgktmopdGCsp7o9OLDNf2lg8bHGUN5Q6d4LtextYNPmlGZqGQAX3SHJNOeOD
                9MAC6UkgncdR4Y/1l8c0RxEbEPWDLEiwbTJZad8UE3vhUblQKk4+2uo7mT01cCnXBHTTmaiGrNqY
                Y4mUpAAJ7bksle2PrRzQ++Ui8UAXYAY0kqQW77HOg0+IYcUYDp97yWqznPmlkPXl7lsu9cJXTkzL
                74cytxSuFirzct4nLw45SjULZFiLH6Mi8iCKbfbvku1T4mWPsNzkY1DiJgpUkEdRkohjM/YpU9So
                rt44mIzG1MsT0FFjPhmHrv8AZSnhXJAUxJtbKjq1V2wbYwXF24UGqCnI+GULciKsxq3c+GDdHmjt
                ZTE37RoThFH4KSYj3pvxS1i4joBsffBemSoluC7BR1JOEmp34XlEg36H2winv7jiU9WijYAHBlx8
                YABqmWHN4ZMiLJGzOL7V1UGOD416Fhv1wh1ETTCiqetcCeWJfUv5IZWLRSRPUHfcCq/qw6F8luoW
                ZBIF796ZOGERHp5teXUSmfVsOgYs0Uo6qRlb1pTD65vrJiaLQHanzwpumgG6HfsRhYpXfQExCYD7
                Jo3yOAF9sMru7T0ZIu7bYWLj1UNE7742uWx+LKxV/9YFpXlXTdNIkdfUm61NCa4eyXCxcEWirWgA
                wM9wvL4d6d8CSxzXbHidxuBmnMpSNyNu7jjjHYCgGQyy201oVVt2GRa6025mNIWqPDFfTuIRQk4p
                b6gbZ/3uw8T0yW/cnYXRStoNZs1pDyLgigFTtgu3816hYOkWoRFQDu++HVlqltLdjnQg98MLzSLD
                VDUoD2yyERLya5yMfO19h50spikfqpQjcE4E8/LpOo+VdRmPAzRxc46EE8gRSmEWp+QWUmWwcxNX
                sdsLW8reYvVhtryUSWTms4qalRvTLo3E8wQ0ZJQMDsQaSXRNF/R3lubUp1pPcgfa7KThVIxEBb+Y
                5M/N8gg0yKyhHFWdRQeAyFXvwRIg79ffASSb7y48Bt7kPI1QtOnTBNrTbnsK/qwNIlPTB8MFFeMQ
                YfIYnoGyJoko+1Y3EvIigJoo9hk80nTYnhVakFlFaZCNKhd5I0ReTdgM6no3l7VpokdQkQIB+M70
                +QByMiAQA5kIxMLJpj3+GDb331qOvsRgpdAieUztGXl7EjJodEv7ehcLIB14n+oxWK3KfbTgfcYR
                KY7w1yxwO+xYbHobWymVQylQSSuxJ8MF6PE9pOZZDV5TVq75Ib8xRxHkdu5wiikQ3QBqB1qcrnLp
                8W3HHez3UjvMOmx3kEdwgowFCR75FJ9JU2ctuY6s4A50oaD3zoyxJJbcagimF5sFdfsgjLIyIo9W
                qcQbj0LyqDyhcSzCOGpLtykfwGbU4NZ8pSSXlio9FoqTu61Na/CAc61b2yWzbRge+R/z1aLc6DeE
                jcRlh9G+SEzKQtr8ICJiNhzeSafqlxPc/XrghppDVyOn0ZLbL02mWdOr9QMgOmniAp60yX6DKWAV
                v2TlOYfvOILCjiEfJndtbt9Vaanauc78wm5kuX3NBXOq6MBc2gQjYgrkW17SVExovWu+UidZeIso
                wBx8IeZwqzPRq1w8s1WMDxwJfWhs7ziRsRUYrHIdqZkGXELHVuwwEWR2kiGlcObcxEANs3Y5E7eZ
                hQHDSK74mhNaDfIgMpxtLfPNylvZGMEc5dgPbOag7ZIfOGpC9vgiNyjiXiPCvfI5mbhjUPfu6rUy
                vIQP4dnU3qMUU4wHHDxy1oXZhXLG+bFDY3FMDXZoVHtgoYEvgea/6uJSFlvI1Qo3Ndsn2kAwQrRT
                VhvkCslrOK50XTnUxpTsBmNqDyDnaIWZFGx2ieos7OQwNVFaUIwyFukjGTjyZjyY+JPfAYdXYBht
                XDWOVAg47U65jHo7THiidyBfet+qgLVgEXvgaNrf1OKKAoO7eOI6jesyFIz2wmlvZ/REaDiw6Hxx
                MSWZ4QyK4McR5o4p1G+ALy/aFRM/GSM7E9xhUGvJV4navXfLjsZ5QRM1Yz+zkuHamoz9XEEyi1O3
                ejJRWBqCMObO7hmUgkUP218D/MMgFwktlJxB+HtiiaxNbKJYj+8Xse48MjwnkykRPcbF6RwDVB3K
                9/EeOKRWiMfiyNaJ5ntNRACtwnUAPE2x+jxyTQ3SGjKR9PbImMomiKYQlGYuJtM7TToag0rh5b20
                IGyCvjhLDecFrUfPF4tYRWo7fQBk4okOjIlt4+NT1piEjItET78KJNdhVeKscJ7zzLbRBqygAfbe
                vQeA/wArJc2qXp5p9c3KrVhQ8fhj92/ab6M5l5580LDGdIsJQZZai5kB3A/lqO5wHr/n15i1vphK
                k/CsnZR7eLZAprh3ZpHJZ33YnqW8cvxYt+KXwDhajPtwQN95TvymgfWY2NaQo7n22pkzsZV+syuT
                UE7ffkI8tStGZpabyngHHUU65NdLi5bmprmzw/SPPd1mTmUl15Dc3cjqPsj7smX5OaQG1ia8kqfR
                iqCfFj/ZkZmUDUJUrv450T8sD6V7dLsOaKNvGuRygVKXVMSdg9VG2PXrjQMevXMVtXY1j2zE0FcS
                LUxKVTl45GfMPl/y9rdxFc6nYRXU8QKpI4NadaGhHL/ZYfzy+nGX7UwinmLSAV2pkJllEL4o7fT7
                MRWcSQxiiIkahQPuxSKvpEjrgd3DRiLvUNgyFaKRkU0iI7OyuolaaBHam5I3+8b5pNHtXXijSw+H
                pyGn3PzXHW0gSJl/aBoMGhq0ywUQGB2LHdQ8maTqUZS9ghuW7SSxKkg/57Qem+Q3UPygsnLmzuLq
                0J+xwKXEY/2LenLT/ZZ1bLAyMsOOX1RBbceozY/oySj7js8Mb8sNRsYqTul6wJIZCUYjt+7l4n/g
                eWFF/wCTRbkGaCa0f9mQgqPv+yc9FMisOLAMD1B3GB30+0dWX0wFbqo+yf8AYmq/8LkRgiPp2TLU
                5J/WTL3vnKG5vNOkFvfDlCdkuB0/2WGEky8OQNQdxTOs6r5C0m/jdY4xEzV+NNt/dP7tv+Secz1j
                yZrGh+rVfrOnqftxVLxeBkj+2qf5fxJgMCFjOJS0zCVHA2puK4ghCozHAtqzCcxMa7ECm9cu6kKR
                lB1OCPcyltugJv3jPId6nbCu7tecoA3PGow5ZB6Q+84E4cmjf2ybCu9JbeKjOpG9emDRGF7b4Iu4
                UtybkL8J+1T9eIR3EEo+Bga5E77sxQ2WSJyUjxGF/NVVhJ8Mi7KfHDgJXCfV6RyRqPcnDD6gET+k
                nuQE1zLOxJNFHU+OBw4J2Ffc42V6/AOmUq0zIoOMnPl53jupJlXkY42NB8iMHfWVvHESrxkfYA7b
                4G0pZLO2lu+NPUUqpPcYhNPVVl+zLXkGXxGWRPP3MJfpWXLCOqybMp3+jC5pDI5JO3YZri4edyzG
                pOIVNciTfNkBTpx8de2NWmKlS9CvXwxpRlO4yBG7IHZRZCTtjvSbj03xVXVeo3xpm+MN2GNJf//X
                YJ0B3GC7G+tYpDzA36YTs4qWxaOKOVA/fNOA741TK7K107UpJWnP7uKJ3oDSpVSwyL3+hG45y2zl
                AxqoXpTEJ/VhgIRioBJbfqPDFrLzDbLwgmkAYD6Mt+kCvm44FylZPcAwy90/X9Kl9SAPMgJNUrUf
                Rg3TfP17YsIrsMp7iSoP450TTLqwu5XEtGA6YE1fytpGr8+USt4HvlsDCXMUe8Nc/EidjY7jut0z
                z5Y3iKshAY9q4cPr1rcNGgpTOeweQPql+JoXYRRmvAmo2w+t7SGGcR1qaB/vwEEGgbDHxBVyjXua
                8y6cLyGV4+oYsvyzmd5IwkVXFOJpnYWUOhU7gimcy8z2QtdQNRRXqy5IOPE7kdClvEycW8MG8GlW
                KNBViwAA7nA1kvqMV7Cp/DJ/5M0RJJUvZkDcSDHXt74JS4d3IhDiZF5K8qfVo1vLqPlM3QEfZGdQ
                to0ijApTbC/Th+7FPwxe4naMcU3bpkInfiLOdn0qlzcLF1wmv7tmQ+lFJJTuqGn6sMre3kkYPIKn
                BxVkTiCVHtlkTe5umPFwbRonzeYaxqwUoBUhfiZD7ZFdR1y9u5R9XX01B3NN9s67f+W9I1Alpo/3
                p/bBNciWq+Rnt6yWjh0/lPUZCUN75hyMeaNASFH7Ejj80XFtaBJKsxAUUr1O2TTRbp5bSL1QQxWp
                rkf0/RLH4UnKtIhDEE+GHskqxOOHSlNsA2CZCzR5lM5nWnvkZ81y00O+r/vpsNHuKrWu+EPmYmXS
                LlB+2oH4jJxO4LVPYF41bRMkrKBuOmTLy7blVq43J64T3Np9WvUan21FclmkqBGq0ofHI5DZcflH
                ZmelE26wL0BFT9Jy9asuYEoFR1x8KcfQXuVFPuw0RBcWRDDdSVOa+RJJ97lRFAe55f5j0r1rJrmJ
                f3kG5p14nIiko4jxGdhmsU5PHIP3cgKMPnnGNcCaVqc9kVIZHIHy7Zl4LkOFPiiHPkiHveA5DtiE
                urS+hIa0PE08cMo9L+tWJnUbla0yNarbParVxTsD45kQiCxz5JxBPSkmlkZ3LNuT1JxmY7nGnbMw
                OpK4HHjExvjwf8/nhQuFe3+dcd1ygaf5+GbFC8e2XdWpkthOvVNmHtlDF4pxHMsT/wB3MvE/PI5C
                RGx03ZQomj1S6Goo69Rk30FmeFWPyyGvGLa6MRHwk7fTk48vIDarQVoaZj5iDAFzdH9ZHkmErmM7
                Y43Uir16425A5le2KrbiQDbtlA5Au0jI0aQbSEj4tq98ELJB6YjC+oewArvgHUbWdqLAdz2wRpwu
                bdDGbf4jQhia0Yd8JAIsfJjxyH8JP3IqK3uZ1VooG4seIY9B88ue01O3LKYx8PbxHjhjHqOoJB6S
                BVqak7dcB3c13cGskp5dNtsMeTUfGkeQiGMX1xLI5hkgPP23wquwqxEKaMOoybW+mvLHNOV5LGpa
                RztQUyK6hpb8Xng+OM70/aGMpRuNORpsUpRyE0SIkbdLY9+8RxIjFHHR1NCMkFp5wvbRFS4jMxH7
                YahOEEiMpAYdRUfLEWqMzDCMqsOhjkyYpERNM5i/MGICkkMop7A/xxk3n2PiRbwOK9265Bi2blWv
                45HwYdzZ+bzfzvsZHceb9RmqFXiD4sfxphVPf3l0azzMwr9kbL9wwFyr2yi3+3kxGI5BplknL6pE
                qrPQUUinXEmZid++brucsDkwUDckAZJgyvQGjhtYoiauxLkEUoT75OtKQIoJ3yE2tpHHLBSoKABw
                fHJ3YjjECNxQbZnYhQrucafNjupNw1MsP2hk6/Liat9Ky+CqRkS1S1EkonQbgbjJJ+VjF5ruSn2J
                uJr7Af1ynPYifMtmLc+4PbQPhByx1zDdRjRscx2xfSuISihHh3wRge4PEYCkIS8JaBqdBhI+8gPt
                h5IvOBwPAnCSTqGyqfRnFRMlL6JO0isv0jfDuKlAfHItqUhgkguR/uqQE/Lvkng+IA9uo+nACkqn
                GkoI+eC45A5I7jrgeRdgw7Yyyf1JZD4bfTlkD0YSHVMKmm2Wkgb9RxAuVcL2xOCSryAfzZJij65V
                e2B4pgWdK9Di9cKuJIxrxxTqOa18CNmHyYb4/qMQhk4ytEfoxVhHmX8v7G8nF/ZqLa5AYGaJAEYn
                7P1iNf8Ak/H/ALNM5Nqunahpt01rqUDQy1qpO6MP5o3Hwuv+rnpYkqcj+u+XLXVbZoWjM1uzcpLZ
                aBkb/f1sx/u5B+1H/dy5AxHMMxM8i+f5v7ph7YDtmDRp/MnUe2SDzBol1od21tcqTFIC9tP+zJHW
                gb2b/fifsNkc9BoKSRmpB2+WQLOKO4JKhU716jCCfTY0laMfDXdGG2+G31joSODeOBbyQSgMPtDI
                iwzNUlInvLN+Bbko6VwHfXRupQ7LQrthlORIKMPi8cJ5x+8YZZAeq+rXM+mgdkGw+I49TXGV3rjl
                I6dsvaUYl5OsCwcqxruAfffEnmZnU9B4fPGA4w7mp7YAADYUmxSwrRj88bQBji7j4tu9DifGrEd+
                owq2GIGwynlLDfKXrxP0ZmXbFVI0ONpjiQBidTWuRS//0I2t4rChNDj4714nBDVTw8MkU3li2KEg
                7kdsK38pip/eEACv0ZruAO28QhH21xBcxcWoa7ZGfMPlubmbrT34v/L2OEVtr/1W9uUiesMZISvc
                A0yX6L5ktLl0E7ADuDjwzxHcWEcePNHY0fkWFR6trWjORMkidqitDTDnT/zAulIViWqe+T/hpGpE
                q3Bge22Fup+WdFt4WuIlVHXfbLf3ZF1R8mmsoIHFY8wgB56jaE/D8ZFOuN0q9e7uS5JJ4jr2yPan
                DaC7WO3ClSq8iPHJF5TtSkc0snVn4pXwAyJpGUSEQTVHuZPEDwHLrkf82aSL21+sRj95EPwyRilB
                TKdBIpRhUMKHEbON5vGoWlju44lBq5of1Z2vyhp0iwoZK0NOIpQAZCp/LfpavHcxrWOtc6zoyelB
                HtSiimV5jcgHO05qBlfPZkUZS1g96YnChnbm29dxiSJJctUj4BhhHwhAFDX2with0CDtZ6lERqsS
                1OBZjLcNRDxTx7nHM5k2PTwxWNQBvk7vYcmuuH1HcqK2u1Tt8sDzQOQUryU4OmnVFNCK4UPdyevQ
                nb2GHlyZR4judkmby/ax3DOi/FIeRHvgS8gltrhInUhXBKE9NuuSiVqhZV/vEIZfmN8Capdfpm3h
                QxCGaF+Rp8qNT2yZ4ZY5dCBYa48cMoN3Emix9gagYR+Z7oW1gVG7yMqKMlUlhOg5KOQ/HIB5tFxJ
                fWlsyFVFXNR3O2Ux2G7fkltt1Sq+gWeWFgNxGu/vhnprGNQrDoeuXFbKUBYfFQfhglFCigG+RO+7
                jmQqmSWU5lmt69OJ3+WHcLhEnjHZg335G9FcG4jDHYVH34fsCLh6dHjBPzG2Yc48Mj83KhLiiD8G
                51SVeYHUfjnNvPmhRSzxakiDk44yGn7S50QShSYm6MKj54U6nCl3azWkn7VeB8Dl2IkctmO17iww
                XTg8dqsY35KCMiPnKUieK3IoV+Ij55K1lbTDDFMCHSqyV6bNt+GQjzdeLe6xLIhqiqqinyzMwbke
                VstYQMNj+KgkGXmGbMx1TVMcDT6Mrp/n4ZYxQqClPwxwxME/5++PDVxQuGx3xtyCeBGxHfHA1xR6
                emSRWgqMEuWyY1e6yYfWrUSD+8j2bx2yX+U5OUHps27AEH5ZDLaUJKQdlbbBNvf3GlXKPEaxBuVP
                buMx5wJBh8R+pysOQQmJnlyP63oF2oV61xa3k+FScASX9teWqXELAq4r8jitlMskVK7jMcXW/R20
                JAnbe0yMaFw1OuPKAUYdMBG64Di2xH2Tj0v1NOJFO4OQo3bZY5I5QtOIG5xa109ruYRKNz1PgMQt
                pYpHVF3ZjQAeOTbT7NLG3DkUkYbnJi2rNkGON8yeSR679X0rTRYQqvOf4CPH+Y/QM55fNLBMTEtU
                I3UYZ+b9b+s6wYoJARagoKH9o7v/AM04RfpGRplaXoRxNOw6ZGYqVdzm9nx4dPxE2Z2T+hJrtEkh
                LU4la09qYTnfDS7uApniArQsFI6EHvhapqtfwzYxPpHuea1NeLMDoT96wggZj1G1MeEr33zBQMk0
                LMeI65YQU/WMftT6MVWlQNsX02NZtRtopCArSLyJ9jgdmHQ4b+VoILrVRFcIWiaNx13BI2P34k0L
                SBuGUXT2QvFhszyA3Z/fwyQWkj8AtdqZCrCJ4rto6bISu/tkwtGPD6MzMR2535uPk5navINTzdjk
                q/LKJEjvHRaepMT+A/pkNuTVWbwBOT38vEVNJikUbyMzNQ9+RGV6iXpA82WEbn3PU4W5RqfbHkeG
                IWvJU4N23B8QcX6jMdsXA4GuDUUxcfqwPMpL7dMB5JCzjxjIPcYQODT5ZIWIK8TscJJoyskiHxqP
                pyufJnHmlOoRerAy+OHOjT/WrKGTvxCt/rL8JwBMnJCMry7J6bXNrXdH9RR3owyEerOXIMlKVQjE
                7KMRtIR+0a/fiiH3y4dnYZOHNrlyanNGB8MRtTWVz4nFLo0GJWv2ics6seixm9O5Y+JwxR+QBwru
                iRct88GQueI+WIR0RgwHO3p3CtgiN+WBL7ZlOJUc0w+0tcQZig5p1Xqvtj7dqxjKlU15IeLjoex9
                jhUJF5m8tWPmfS3gPwTislvKvVJP5qeD9Jf5s89XkU1jcS2dzG0c0LFJEbYgg56ZglKzMp2B6ZBP
                zU8pw32nv5itFIvLNB9YA6SQg+H80Va/6mRkL3ZxlRp4qxB7fTgd6VOOaVRtyH34iXUnYg/TkUrX
                QHfv3wluV/fuB2rh2SBhLc7yykeByUeaJckC2OUAdcphWgy8ta2642tTQZq+OVXemKFU7hT7ZRrV
                XHWlctd0C+FTXLTZFOSpVORaNUfPM+wqccWBJOBpXLGg6dsidkjdYTXKzZdD92QZv//RPg5Ir0yN
                +ddVOl6BNJESJ5iIIyOxfqf+BGSPnDFHzlcKo6kmmcp/MTW01S+g0uyPOG3+Jiu/KR9v+FXMXHG5
                C+Q3c7NOomuZ2CH8neX11C2ubu4UFZP3UVfbdjjNS8t3lhI0toxUDouTDQ763s7KG0jtpFSNQoJX
                qafEfvwfcencdqr4HrkTOXESevRRjjwgDoOY73lcOr6lYTAMzLQ70ODZPMmo3imLm5U+Jw413Rop
                P3ibEVrhfYW6wIKIHkL/AA1GSJgRdAFYxyCVGRIWWFvLI3rSV5BhUH3ySWWtQxFbW3+0W48uwwDM
                ws7aeeagIBIPixG2RzQjJNdxqoPHlyYjc5GMQeI9AnUSoQh37vXIJm5IpNeQrgweOANHsrqY+syN
                zYBUj/lUePuckA0qYU9Q8R3yFgOPwE8ggoY/UlXJPpkiSyiIHZaDCC6eK3UxRdurdzXFtFnMcoYm
                lW3yic/Vs5+HFw46PvZ/w4JUUAGBBcLJKY1NKdTjZpybeoPUYUWsjG4Ir1OTkaqkQjzvmyUJQVBx
                FyAd9xlRyNxoca7k7ZPoxA333V440l34jHmBY91xtvQCuCDQihyUdw1TJ4vJCt6bgq4wGYQpJjpx
                HWuI+YvrtnZSXViA7opbge9BXIRpXnhpyIph+8Y/F1AH35I7c2UAZXW7OHq45RbEdRiL6daagtJ4
                Fdh4gYXLq1vGyFZQfV/ZrhxFcRCMSxuARvkIgGXq2bJQkIXEWx7UPJsgHq2dF5EARnpv8sLf8Lai
                BO7siR2yl5XPKlAKmm2+TptXCqPVASnRjsDkc86ag1z5R1a1sp1W5miopVhU0IZlrt9sDhmTHFhr
                ezfm4M/EsmgKYFD5ksbaU0k+w3XbsckH+NtDVeTzgPxIoSO++cJZLsGgievf4TiIstSmdittIzN0
                opyielhPnKmUM8obVb3F/OOkXV1DDBKCz1ANR88NOazjr9rdTnB9P0XWZr62t/q8sPKRV50pxDH4
                jX5Z3SOILax0PxqAD8wMx8uOOIx4ZcXe345nIDceHuYR+YTi0sUnC0mZuBI8PHOVyymUlm6nrnZ/
                Pb2reWrproD1AB6JP8xI6ZxI1zL0xiYEjvcfUGViJOwGwXDLBxgNMeDvXMpodljpld8sD/P54ob9
                8v5ZWYYoVFNKYqTsBiK9cUZqUwoREEdmzKky/bOzdxXKvLK4g5xyKXVejAdRiSVMkYHQsP15PGhX
                mhIFKUNfllUoi2wSNPPdOv5LeX0Sx9Fj9nwOSW0vWibrsemJa3ocM6i8shxlLcWQdDTA6W91aIgu
                loDsGyM4g7j4t+DMYmr9zIBcCZcYIJWJaNsAW70I32yV+WdMk1W6CgH0UoZG/hlMo05wy3uSnXkz
                RJyTqV7uAf3KHr88kfmHUU0rS7i7k2ESE7eOGsMKRKscYoq7AZzb82NWVLePSY2+OVlZwD+yu/8A
                xLHHG5AOJmyE2T8HlM8zyu0zE85CXJrvUmuJG5uBQGRqD3x5FVFOg2xFlauwqMzOEHmAXGjknH6Z
                GN9xpbI7dakk98TUMKEGmPkIp8sarkDfDVBhdklvkw6jL9U+Bzeoub1fAYFbDuRsp37nMQ56kCvU
                Y0yOajKbk3VsVbqi9dz75JfKsPGc3EimjFQnj1wi0+yN5dJAu9d2PgBk20qH6ve2qihiMqKw9gcA
                l6xHnsS3Rwk4Z5jsIkAeciVVbcLfzn/KOHNv8KYIudOrfTlRRSxONaExKRTM3GPREjuDhZD65X3p
                bqbmG2kYftAgU8TnSPJM0WnaDCbgFOMXNn8OpzmOrXIUR29K+o6invXJ1dtfJDZaWFAsbuP946/3
                imOnwN/kSfZzH1B9cYtuIemUimOm/mRrEV2BeWAu9MlJMUsPwXCoDRi0Ldafy1+LOlWF9a6laRXt
                nIJIJRVGH4g+DL3zlXDlddKcFoMNNL1G70W4ee1HqRSf39qxorf5a/ySf8S/ayk7GhuGyuIXyL0o
                7b4lKld60wPpuq2OqxerZyhyoHqxHZ4yf2XXtgz9WHmwQbncK9Fb9lq7N/bgC8Wk4J/aX9WGc9vH
                PG0MqhkbqpwJdQCOFOI+GM7fLIyGxZA7pU69RhbaN9W1eI9FmBjPhXquHUqYS6iDFJHcL1jYN9xy
                nqG3mCyxGFAScepAlBB6jEIJFeNX61FRTfrijNQqem9N/fLBsQ1lbeGgxtpmvTsMq0yzqx6KF6aX
                TfIHBVu37uvtgTUNroHxUYKtv7r6MeqOi+CT98V7HfKvd3UYlaHlcsfDFbkEyrTt1x6J6q8BoOOC
                K7UP04BDClCOSndWHYjxwVGeQHjhCChHQrMSOmKyxw3trNZT0aOdGjcezDjml+2QcCl2jfkMHJPN
                80azo76Jqt3pVxGBLayNHWmzAfZYV/ZZfiwlubZH3X4G7EbZ6B/MvysNf0oazp8fLUrBSZVUfFLB
                1ZdvtNF9pP8AJ5ZwKQ75HkWXMIFYJgfilJXwwLcqUaQexw0JwDqCGnMdwQcIO6CltOmUeuKVBUb4
                xtstaytqSds1QBTvlVPbHBQvxN18MKuQsg+eW0hC8a7DGNIoB7nECxPXAZUkC17ybUHTE65eVkCb
                ZOxZE/cSSH2A+8Yjg3jSyI7nf8cUv//ShFzqOp6pIWupjDajrGD2yPaU8J1kXMgLRoWdR1NeiYfa
                /o89jaSTF2CL1FNjXthJpWl310wMDFFcVJA3oMosCJs1ezlEE5IiIMiNyzOLWjdTpZ28TM37R8Pn
                h7HA8cVXG564C8uaGumRsSS0jmru3XDqeQj4abZjyonbkHMhCVXKrY1qO9RhVAFWZVqAd6DDXUal
                zQYQXcE800EUCszu1Aqjc1wxHRhklRsb0q67LBcWotl5GX1FBUdKAGtck3kvyqzOt20IigUfabqx
                9hhr5e8nxwot1qA9SZ/iKsO58cmyhI4+CAAAbAZGU9uGPRhwcUuOYq+iyIRWihYwFAH04jPc1Ukn
                rjJ3phXcT0BFchwnq2CkDdykzPU7EjBVnLxZT74UTzh5DvuevzGC7V9lIOUyFSciJ9L0G0l+sWYr
                gOJSl1QCgrtiGh3HJTGT1xecmO4B98sBuHuaiKmQOqdqSAMrqcZG4ZRigG+TvZhyKKtwcFUxCAUG
                LjrlsGjId0PqS87SRQK1U/qzzZqqXWm6vdwxtxCyEhe1GNc9M3C8omHiDnAvO2n3Y1+T0YGcOo3U
                dxXDlvh2Z6WQEyJdQgNOuHunDySOJVp32+jJNHrGo2ZT956sSkVDbmmEHljy9c6vqc1k0hgNtGJJ
                WHUFvsrkh1nyXq0KcbaczRheTbfET/KKZCOOUt6+Lk5NThhYB+FWnNz5gF9aCIVjcjcnphWILu4P
                ogeor7Gm6n54RW9zdW59GZGquxBBrthjBeFXEkTmNh4HLDjPfbgSyccr+kI6PytGTxljRDhhB5as
                06AGQdCtP44Bl8w3Q4epGJwp33ofvw0g8w2FzCQyfVpUH2WOx+RyEoHvbYwhtQtedHiZ+QASQe3h
                i7W0Qj4/Zk7+BwRbfWLm3W5k+AN0Wu4HauAL/U4bX4JHH0nKzAdRs2V3fY88/NCK9bTLa3hhZ1jd
                pJ3UVAUfZrnKUPJPcZ6ItdTtbqQKAHSpqDQih65APOX5eyi9k1Py+FeC4JaS0G3Bu/D/ACWy/BOM
                Y8HLe7cbPikTxCz5PNBjhlzwTW0rQ3EbRSqaMjihH340HMtxCuy6nG5dcVbqcsZWX0xQvXHyGgGJ
                rjpfsg4VRFq68kLdjk6jnS5sxMhqQtGHvTOdrXjQGh8cmPlpXNtcNIfgI2r7DISG4KQeiJtUeZbV
                QKrJzc/fg3ULVJYkSRarWhww0a0VrO3Y/sqeP0nB99ZRLbFSOUzUK07fR74DVgJF0SOjGF8t3E0s
                UdgQeZoQe3vnVtD0mHR7BLZFHqhR6rDu2BPLWkm0tluJx++bcA9hh+o5GvYHMaZs+5yY2BRLTN6a
                sx7Cpzz355vpb/zFeTsSY0b04T2ouxp/sq53HzFfrYaXdTjqsbU+dM8+61Ny9OMNyJ+Nj7nLMOx9
                +zDJuPchLdKxiu9c08LLumxwTZxs6KFwbcWJMdR9odvHMuItx5FjtyOIHicQU9sFXoHqhTXbseuJ
                KooMjLmoWhWbpjxETioAAGOBUe+BKl6Zpm9MfPFiaimJkU264qyPyxbKqzXbCgI4IcNLISyatHGP
                soyn6a1y9Dt/T0mNm6NU0+ZyRR2VpBNFLbAl1TlLXxp2xGICRyX/AA8nIGpJwDT8P8d2P0sgntS8
                T6hbuJYQQsgGzI3+UMLpj6m1OmDtAnmjuB+7aSCaqTKASCG7/RimraW2nzMApMLmsUlNqH9mvjmV
                jlwEYpG9vSf0ODkHEDkiK33H6WD31jLeazp1pEaNNMtD4UO+dRltf9IQMeXplY1PanEk0+ZyDadD
                Hdec7GI1/wBDRrhgD3APH8c6Stv6sCiQnYmhG5Unb6cozSHiHy2bcYPhj5pdbQerPIwFRWg+jDyz
                0Jrn7RCjFtLslgioxDHuw6HD21AU7dMp67sydtmBaxot9ompWl7bzvEHJRZoWINT2bsf9VskOmea
                LpE9PVYvW49LiEAMf9eLZa/6jf7HD3VbFdRszAdmBDofcYVx6NwA9Tp3AwkdQgHoU2tdT0/UB/o8
                6s3eNvhkHzRqNik0TNDJG24YGhwGNE06RRyhBNNj3GF9xo9zbNWyuZYlPTi7AfSteOO67IriWiVs
                K9Th5RMPbvvhpZRTxwfV7lucqV5OepruOlMTvIQ0Zp4eGUkc2wF2hymWwirWqgqain2TTDJwChHf
                qPowh0GQI01saVVuQG/Q4f8AEU3yQYnmhLxqgY6zO2B7lviK+Axez6DLBztj0UtS/wB6Iz4r/HBE
                Bpbk+2I6oPjhb5jFId7U4erEcvioWc4juKt0brgqa5jWQMBXsW7YWp/efLBJHw1Kh4m2PiDgDIjd
                Xd15bDiSamnQ+9MGQv0phQrGtB0GwwbbuQBXCEEI5lVtyN/HAtxDxHLtgrkCARiUu6kHocJYhRs2
                oxHbPPv5l+Vf8M66Wtlpp1/yntOvwmv7yI/6jH4f8jO9xNwkwD518up5o8u3WnhQboL61k3cTIKq
                K+En922CrHuZXR975cNdspwrgo24Iy5kkhmaGVCkkZKyIwoVZTQqR7YmT8VciyS2a0dGIQgj3xI2
                85244Zy9Q2VSvXrkgSggJb9Un67DHJbV+21cMOJpibRnqMbKKCVXSKktE2GIYIvK+rv4YHxHJLs1
                crNhVcilnVR3NMMyBzEXYCn4YCtFrMG7LucFgnd+/wDbih//0y/z4BcxWOj2397ezAkeCL1OGOj6
                ZZ20apGg+EBFPfbC215eYdVvtUhNEg/0Kw71pu7r/rE5JdMtP0fGqXDiW+k+HgvSPx/2WYZhKcow
                H8PPydkJwxxlkPOW0R3gIiO2jpykPBeQFB1p3w+GiaXLFHcwx84+9TXpjLiez0nRvr1xGHYkBU7s
                x6YA0HWL1orj1I6LI1Y+wAPhlkOGPr5xGxJ7/JonkyZRwg1LmAO5OrnStHNg0jQIp6dNycj8OlWE
                E4uIoQsi7Ie4GGEszuPjYkDcDtiPLKsubj9MRUftLbhwcHqkbl9gRCGi5fI1piKt45bSgCuQjFsK
                lcEcScj99IzfCu3jhpc3AAOR6+u1jqa5OmBKDuXEIO++CtOuhIooevX54XW1re67dLZ2KF5X+5QP
                2mODLnSp/L14tpO3MuBVug5e2U5YGuIdObZhyC+E9eTLNJuDDMu+1cPbz4irjvQ5E7CXkAe4yTRT
                CW3WvUDfKonmO9tkNwe5MYZBxFMGxtsMKYX2Hhg2KUdMnEtcgm8DCmL1oemBLdumCyKjL48nHmN1
                x3GQnzULezD3kgAWNSWY5NOi5B/zDsJrvQroR9eNaDvQ5YdxTGBo2xX8tHa8k1fVD1u5QU/1QTx/
                DOntGoiJNB4k5APy1sktdHkQmrfCWydajA15bmJWKVIJptk4D0jet+bVm+uW3ckcum2pkdowGNCe
                XU1PfCGXy9Y20CvdkqZGqZAaEAnJBJa3dtUx/EpNKDqBhZr91bGxlSdC9w6FLePwP85y0wERtLjv
                oO9qjKyLHDXP3MT1WG1tpG+oXHqRrT4X6/Q2EsmpNC4Wc0DbqTuD8jjJL5nrHIPiG1flgKOZPUMM
                /wAcbdK70rmNxknfbvdj4MAAASb5Fldl5mukj4LISvYHf9eFh0661zVeV3eqkLmu5Ip/kpT+OFD2
                Jt51kgdhG5oVB2+jDKS2u7eFJ0b1onIAI6j54mURsWHBkB9J+DNorTTdHg9OMKqqOp6n51xAaraI
                xIkAUj7OQi6E17Iqz3EsTAUALHiT75otNu4nBB5+DVP8cjwg/TVMrJ52D5tfmZpdvdWEGu26hZ4S
                Irim3KNvstTxVs5eDnVfNUoTyvcwuP3h4969+5zk+ZGG+Gj0LhagVP3hU5VzVxOuWDlrSqg5dcTB
                xwOKqinxx8x+AfPE13OOmPwDChtT8FcmyMLPR1EYo8qDj9I3yEIaxn2yeW8LXI061pX91yI+gZE9
                56JZZoMapYR3Ev8AcxID+GG2iWbalM15MP3fLkB7fs4G/Rk13HBo1t+7ijAe5kHQd+H/ABrkytLW
                O0gSGIBUQU22rmPOX2/c3wjXw+9fsF4jHgUHyxg3auXKaJt32ytsYN+YE0raU8UW5lbjT/JHxNnE
                5gWmIPbbOvef7p0pDEaLHHv82zkZB9Y13NcycF8J8i05dpDzCa6Yu3uDthhITzCyLU/skbD6cCaY
                lbn0jtUA5IZNPSSPmRyA+0DmZijsXGyHkwfW143lOPFqbj/awCik4a+YIlju14/YK7V3wsUV/plU
                /qLKPIL0FRtjuO22WgxzFKbZBkp0psRvmRQ8ioBUkgZZqdvxwfodqZr5WI2jNcRvsts7tIglhbQj
                ZiBx+jDPRpQiMsoHORgilxVdzhaZCvFUFSBxHtXauH7aZy06kR/fRAOGHfI5RAzgJEi9hTdiMhjk
                Yi+ptnNpIILdUeL0COvEVX71wdJ6FzbelMokjcbg7j55GPL+vIVSy1M8JhskxNFbwDeDZKo40apT
                vtt3rmNPHkxz4ZbHoe9tjKE4cUeXVhnljyfJb31/rN38Us0hS161ES9PxyVwxmJmTsdq/rOSFbdU
                RUAoFGALmAFi67V7ZfIk8zu48eqEQ8TzibjXanj9GGFtdiI0l2/yuo/swvVSpFR9mppiqsCRXwLH
                54ApALIo2V0DKag9CMbIK098JYpJIQroxQneg6H5jBq6iKhZl4n+ddx9I7ZZezAgg3zTBRQDA8zc
                pVXw64ssiOnJSGB7jfAwPKWoOJQOrp14TK/ZxQ/MYjKgZWWvXpgi7H7tW/lYH6DtiXHeuVzG/vZx
                OyQWlYNYKbj1FIH0b5IgjHeuEGqL9Xu4bgdmFfpw+jJKgg7EdsiGUuhS+9BWUV7jBNl9nEtTHwo/
                gaffilkfhGWRYF2qj91G3g2PtPityM2pitqT4EY3TzWKntk2IQiD4z4+GKmi1eMkVFGU+OXNCS5K
                bMN6YmXYgV698izaAp1wVF0GBq1GLRPuMIQUemaX7JykO2VKfhwsRzQvDkag0OD4q+mK9RhcjkSE
                EbHDGP7OCKZPBfzf8stpmuDXbdP9D1Q1kI6LcqP3g/56L+8/4PObMM9S+cvL6+ZfL13pfSegmtW8
                JY91/wCD+x/ss8wyRsrMjCjKSCD2I6jARuoNhDMKqPbKC1FB1xfhtjgo8MUociRR9kNmALD4hQ4K
                ERPXHemoxVjV+KTkeGBMFX5rcv8APAuEckOzZs2FUZajjEzn9o0GLAVQnsOv30yuPCKNPap+nDO0
                sWk0zULvj8MKJv8A60qL/HFQ/wD/1C/yzcx22nXElr/dWamO3PdnIq8mLaHqUtxfM0UTSLTjyPua
                tU++LaNos/1dUmUW8RNWiU7mvjkktrW3s0EcEaoo60GYXjcMZRG5kdy7CWDiyCRO0RQRl0x1FIo5
                0AiiPIL748BUHFemMD1G3XMzjKLJ5luEYxFALXrjS22NkfA7ykA75OMVJV2mCjAdxdFBsasegxGW
                Yjvhdc3YWrE1OWAMCd2r69EafEfi74V6Vpl75kvvSiPC3Qj1pj0Ue3i2ULa41UXEqkrbwKWd/E/y
                rgm/81r5VsrfT9LtxJdzrzLdlFOreLHLBE2BV20TmN9+T1LRNG03RLf0rPY9DId3du9ThZ5u0ZLi
                3kum3lhUuT4VyM+XtQ83X8UF7Ko4uGZQK9PcYca3qt7aaYbe8hYveMFeYdB/kn+GXVCjGUaNU0Ay
                4omMuZY1ptxTiSfY/PJfph5hlJ67gfPIctq9pK0TspOzUU1pXx98kmiztyA6mlDmpIMZUe93G0o2
                DezIYIio+z9+CF3bYb4pDThvTFIYuT8t8sHJoPNHW68QK4MWhwNGvzwQgy6Dj5Oa4jbCTXzGbOSN
                +hB64dv9nbIV5zu5IrTjEDzdlQAe5y0c2A5FBeV5LSznmgLqokUMq9h/tZLFNq3HjIG4qWZgf2jn
                ItRsr20gl1GJXQxIzFqkUFMQ8n+br+3tGl1Bnkj5qDI2+zbUOXwsAirFtOQ8RErokPaFhJWpoVFK
                cutT75HvNlkDYuUAD/Z5/PrhvYXYvbeKaKT4PtcfHKvpbeakM7q1TUqdwRkoyhE8VUQ1yjIjh73h
                mr2YsroxKeSMAwI7V7YDgtPVJZtgOnzzpnnjR7W6so5bGELcwEkhRTklKt93bIDaDs3QdRmNkPrM
                qoS3c7DvAAneOyONoJNOjVtpACQfkaqcE2XxRtC/+7U5qPB1+1T544SBlIA2oFAxtCnpONuO/wB5
                plZGzfxWVS+ihnhjkdQQQKn54paQmGMKp5R0otd6YyI+rZ8D1QkH78Wt1cx+jWnuMrjzbf4Um81R
                Rt5e1AU39Pl/wJBzjpzsfmKKU6Tf28dZHaFvuAqc45uNjmZg+k+91eq/vPg7Lys2XOOvBywcZXLG
                Kq6Y2Y/ZGOU0WpxFzybFUZYwtPIkKipcgZ1/QdLKXq3EooiqkUPiX7AfTkP8kaD6tdVuwFgQExlu
                m3V/9UZ1by1breOL1o+EKD/R0brQ/wC7G/ymyvJLoGyEepTywsxbRcerMaufE4Ik6UGLUp+s4kRv
                XxzHLaFqrUjE7hqBidgg64KjjJO2+FvmGRbTTbuStCkTsfoU4Yxsj3qTTxDzFrF1qNxcyvIWjdzw
                XsFB+HI3bxPJcLUUBOH1xGkdlzYVZt8BaPCbi+UHp4ZlxPqEIjq4pJ3JKNMRtdUtB0Egpktngktb
                YXKglafFTrTI/rKKNTsABurb5L0uR9XWJ1qrDvmbEVI00k+kPMfM5SS7jljbkrDqMKEFeuSHzbCk
                V8gioqkE0GR8cjmNl+stkPpC8LtQbnNWh9/DLVaVByiPHc5WzWMN6jJX5fszHbGZh8TmuRu1tzdX
                MVuo+KRgv3nOkQ6ZJbf6M6lVjAq3QEU7YYyiCSTVC0S7u9L5Gd5Io4/tGRSfkMnNg4FqzyiiqvU9
                8jFvbh7sOigKgNNtycM7q9YCKyj2HVyP1ZiyPjaiERtTl4z4enlM9USEWZSaD2yUeQ5b6aea3kct
                axbqG3oR/KcjtrGfToK779N8nvkzT/qtgZyKNOeXvTNpnrg337nXYieLbbvZM24pgS5jULy8MFkY
                EufiHHt3zBLkhCxqpUkj6PfEmg5SFR4bnuMXUAfEdgOmXEKq8p/b2BwJUCp5r4J3xtS5kalTTbBS
                qrCh69K4m0RWrKen34qoxsyMzxsUKjcjx98F20xLBpNqn7Q6V98CkFUbxJ3xeLi/EqKEbFfHCCgh
                NJhziZetRgSNw6Ke5wWPsD5YWxHjzT+ViBhmLosIFDa5CXtC6jdTX7sG2EvqWsT7mqjf6M1xH6tu
                6HeowLosn+jtEesbFTlQ5tp5IjUt7YnuCD9xzWP2f1YtdKJLeRR3BxDTzWNfkMsiwPJEXwraSfQf
                xwPpzUWn0YKuhW2kH+ScL7NuIJ8MmWARcoQnclWG6HtgOSpY0wUZAUIB28D1B9iMCkENU7gZFmto
                3fHRNvvitKioxACjH9WFU0hb4M0p+A4Htpt+J74pISQRh6IrdC1+PDSM/CDhaYz1wZbk8KHtgCyV
                i1G2zz5+Z3l5dF8xvcQJxs9SBuIgOgev75P+D+L/AGWegJDQVyG/mRoA13y9JNEoN3p1biE9ygH7
                1P8AZL8X+xyUht7mMTRrvfPbDbHoleuLGIACuPREPUZXbZS0LUYm68QTTtgoxgdMRmqI2I6AHG1p
                hlyazOffEcfMayMffGZNi1j4k5yKvicbgiyWs4J/ZBOKo0rykoO22dG0/RSn5e6tclPjk9Lj8hNE
                x/VkDsYfVnUdeTAD6TneY9OVfJM1pT7cYYj5Mp/hizgLEj3Av//VNrWfkDX54JEh5dcIobriwAO3
                fDGKYHvvmrMTbtwdkzElQcY0nbA/q7VGMeQEDsTlgDAlUeXvgaSTrXGvLQHAM9wACa5MBBLrq5AU
                74UpBcal6zRAi3t15TS/qUf5RzMJ9QuRaWu8jVqewHicm9naWkWh3FpAnphIiWqN2YU5MfnlkADO
                IPUhpyzIjKu5KtI06W8sWs7b4UK707+ORfzXpP1DWLGKU7lKuPDfOh+UGAlKDspH45DvPszXnmFi
                Fp6JCL8hvmeYg5ZbVwRNOt4iIx/pHd6LoLf7jbb0UPFU4rTpgrUbWXULJ4Xj3INBTfAmg3SR6Zag
                Alli/Z7fLxwyguZiYyyUQV679cp4IXxG7buOXKg82l0+S2uJgqECGnqV6ksfHDXSGo/sMPdU4yfW
                IkiAlferH9n2rhfp9l6agkb5rtZjqd3duz0mXix0RVJ7FOKAYbWv2QT18MJ7WAlgaVPgMOYQqABv
                tfyjdvuGV4oTkfSCU5JwiDxSARqb4psoqTTA/r8BWgA/yj/AYFeSaU/AsjjxX4R/wW1czY4KFzkI
                /e4Ms1n0RMvuR806Im53PTCC9hiLfXbhg5QUjjB+AE9y382N1KfULWMyLCiqtaczyp/sR/xs2F89
                1Le6fAJWrJLKa9vhXLAIQBkLkR38mB8SRETUQe7m3rdus3lq8qKGZaEjwOQ7T9Jtho0kHH4FUM3u
                QcmevN6egSJXYFK/fkXtJ/8AcbcUFB6ZC/8ABDLtPvjEuvG1Zdpkf0U/061ki0q2+pzcECH4T3/6
                5xbRIvXWSW7YPIDUn/jamDPK9qLnS7cuTQxmg/2WGVxaW9kjOSEQ/aJ75GchGUj3EsogmIHeEs1Z
                ohIot/imcKoPZfo/mznnmrQX0i6W8iU+hckljTZZOpH+y+0uSXVvMCRzLHp8ZlflvIelO9MOLOW2
                8yafLb3MfNacZFPWvj7MuY+QznuYkR726BEORBPUeTyuO5Apv88XFysilR1IA+gZXmPy/caHdsoJ
                ktWNIpqdf8lvfCqGOdjQEiv6sqII2cmOQGiyK1IZZGr8MnxY4ziEE16YWiG+ACxEUHbpib2t9MeE
                hAHz/pkOEhyOONc2QaOFvJzK1GUVB8KeGcv85eUrjT9XlawhZradi0VOgqKkfRnUtIVbSPgd2OK6
                xbrdWbkD94gLIT7KT/DLsUqPvcLUQsE9z54dWjdkcUZTRh4EY3DPXNLutNvG+sCqzEvG/iCa4V5l
                OGuxy74zHL1xVUY0AGGGhaTLq19HbqDwLD1GHhgGGGS5mWGMVZjQZ1TStITQrBbdEAvJ1rJJ3VWF
                OP8Arv8A8RyMj0HMsojqeQTC0tEvZItLth/uPtqBmXpKy/8AMtT/AMFnSLCEQW4VR1oPuyN6Fp3o
                WqyEUJAAyWxDii+w/HKJHfbo3jYLpPs07nriYqzgDM5o1CenXBtjakn1HFK9Plkas0t0LVreDgtT
                1yK+dVkbSb6KIVdkKhe5qQMm5UqpOQ3zLcRRQ3U0wrHGoZgOtKjLQK5NRN28m1vSns7IesQj8dkP
                fAflzT+Lmdz2O+Cte1P9J3Iit2Z4j1D9vbfBdlxjsyiUBUb0y/S45cXFMV72iZHCaS+7HraxAp34
                +GHzi4ARRFxjNQruCK0G+BvKlsb/AMwmQkcIQC9cmXmjTLi/iWXTQqzw7AEDce2Wy1MYZRA9Tue5
                MMJlj4vk8h82RlLiHkxYUJB7U9sj46VB3w680GdLuOGc7oDtQbE9emEoB2oK+GRym5kogKDYqT0q
                e2Zqjrtl1psevtibf7dcrZhkPkyzN5q4kp8EALk++dRnZbuP0y3IKPtL1+nrnO/KSywBXVuPqsB0
                6iudEeeH6vI0YClaqQPHKM0SKJ5FRuUvtpYYncCrcakk9sAQSGW4lmI+0aL9GAV1aRp7ywK9RVHA
                703GGWlKXZIgpNQK5bo8fDllOW2wr3FszzvDCEd+9keiSSX1xFZEVcGik9Qvf7s6vawrBBHEvRFA
                H0ZBvJ+k8L+a7cdAET6euT9Rl2UjiMRyBaYWQCedNN0wHJ8TFew64MPhiRUb7ZQWYQF1VY+I79Tj
                UMhgovTttUfSP+acEXSfAfHA9m/7BwdWXRbDPJX02Tia0r9pD8j1X/ZYLIVonjPUfjjZY1VgwH2s
                fQOAARyA+/ChDSoUjBOwNADi9rEWILDp1OUqSOfRO48D298GxR+mvED6MlEdWMjtS/ALoFuW32YB
                qfhhgB44Cul4zJL4gqf14z5FjHm2MLrH9zf3MPZjzGDgcBzgR6hBL/OCpylu70yYAoR7YEsRxBXw
                JH44LwPbijv/AKxyyPNgeSKcco2XxBGFVpsGXp4HDfthQqlJSoYCpI3+eWFgOavL8INaVPcY2L4j
                jJmOwPX2y7Zwr79MgzVuBAzCAFqjrgoccx4jJItTSFRvTfMaNmdwO+JNKB0wKuI964rCabYBe5Vc
                Byas0ThYxVj2xtNWnsh2wOGV0KsAVIKsD3B2IwNBqK3KFWHGRRUj+mVHKCSDkwbayKeC+a9H/Qfm
                C709KmAMJbcn/fcg5KP9j9jCmvHqBTxGdT/NHSlmtbXWowOdufQnbuUfeP8A4F/+JZzD0FO4PXKi
                KNNsTYtaCpG2BL4lLeQ0qKHBTJx6YXaq8iWjmux2wJYe27E5WWcrLGDqYO09Nnf6MBYa6dGTBWn2
                m/ViqeaDbGW/towDVnUn789CfVj+jfq9NvS4/hnLfy98tvf3g1CWq28FCv8AlHOw8VoEoflhAbYb
                Ql5gv//WJo5z1BrXDW0uaihyK2kxDhK1Rvs+xw6t3KgHMWIEg55kQWQRy9icc8gK77YUiY0rXGSX
                bgUrh4EcaNknAXc4U3lz+yu5bYDxJxKa7PE79cSiSGaOC5Z+Uv1lFWIfyg71w8LGU9tmbWGkDTrG
                ySEg6hPW5uGPUr9lIx7YfvNFNo97IUEcixMCp2rT+3CjU7ieO/guYU/c28SROw3oacm2w01KWE+X
                ru6ioPUVV+lmGSA/egDpTXL+6BO938EL5KKm4lY7emhZz9OQTXpvrOpzTttzdmH37ZNvKwMVjf3P
                QmM75BdSRq823Ynt2GZ9b5e/aLryfo+JeteW1RNOtwQPiiBqe/y+WbWNetdNZLdVM93J9iBN2A8S
                BiPlu49TTbdh09OhbsadhkA1Z79PMV0zsQZH5B60+Cvw0zDmQOLi5AuXCPFIAd2zMy19qDB7uJLZ
                RuAx+L+uDIeEVP3fOgr8R4injT+3Cuzv5Xt44YlHJRQtSp+89MM7ezaYhrpi/cIfsj6BtmJLJpwe
                IRMz58nMjiz1w2McfLmiYJ5bggKOa/yx7J9NKfjhzBBKUAdgg7hQMStYVUAAUGGCigwjPkly9I7g
                wlhxx/pHvLUcESbhan+Ztz+OK1xoIrtlk7Y2SimMeb7gxWMlNtqH6cLdOtWK2wm2oC9PAHpm87yM
                0UVup3llVfxGGMMVHRuwUKD8hl0tsQHeWofWT3BB+aVC6HMF6FlFfpyIRPTTpx0VYxsOm75LvNzh
                NEI7tIqj9eRSkY0gqoq7BOX3k5l6Ufuo+c3FzH1y/qvQvKYUaTaAHf0t/vPXIxruqzatqE9uax29
                oGAjB3Yg03/1skvlY8dPtU/4q3+/CbWtClXUZLuzO8o/eKelfEZUDEZZGfLiLbvwVHmYhiUsgFyp
                H93HsAO58B9OTvyppdzZWEk1yOMtyxk4dwD0Bwhs9MZL2KS8C0Q8o4V/mH7TZNI79ViZKVNO2DNl
                EzwxHpHXzWEDEWeZSPXrKO8trxHHLknQjw7r8v2c5UnKJzC+1D8JOdmugZbOcRirFOvQfQfbObw6
                WNQhu0AAlT41buD7ZRlFCJ5W5WE7T68NJekzEAH7Q/HB0SBwCdsjZvHtJfTuh6bj6VI8VODB5gt1
                IijIDmoLP0BAr0yuvJt4h0KefBAyl34gnap64tfXSPAYLch2kpHxB3AJFTT/AIHjkPutWa4lg9Or
                uQrAHf41NW4AD4f5ckvljSbn6099eV9OpMCE1ND0LbDJRFb9WqcjLbov8yeTYfMFlb2bN6M0YASQ
                CtGpTfIR5o/Kv/C3lyTWru/5TKyqkPEAMWNKDfrnYHb465B/zZTVNV0e1SOrW9o/qOB+12Ff9XLM
                WQg8B+FtebFtxj4/reH49fbr2yitCRhxoWlPfzgkbKQQMvcdlPknQY4Ym1i8WvEAxow2JP2Vyc6Z
                ZNcXPrz1d2bYnsO5pgdYVtYbexRRyiUM6jpzI75JdHtuEasw3bffwyuZqJPUtkBcq7k2EQjijQe2
                DuVN/DYDEStWQdhj2IoWHQbD+OUNyFudW0rTXSTU7pLZCdi9T+AByTW89tcxRT2kiSwSAFZENQRn
                EvzAZhqEZc1UJyA8O2C/Lt/rehW8IguxxMf1ma2n3jUfsolFLh+P2slGxZ6bfawlRodXs904jhZq
                9s57rivqFjfqKj1BwHyqK4YWfnjT9XiWzuUay1CRarBKpCt/xjf7JwPfgQaXKH2ZtwfcsMmZUCeR
                AYiBsDvSHStHtIYivpqzd2oCf1YMl0y0nia29IKp/aUbg/PFNOkGwUb+OGcoWAc2NSewzHhKRPFZ
                vnbbPhA4QPg890GKTRPNM9u32JACp8RnS4zCVDH4i3bOc391EfNMPHZgvxdtq5PLaMTW4ZeSqCNx
                uSRhySlLITLawCyxgeEAOlvIPzKsxa62JQoCzqXA9x1yGBeS9aDwyafmZdi619YkHwwRgHx5HrXI
                aS1KE19szIWYi+5xJj1Gu9bSh9vbKALsqKNyaDHmgG5BJ+/F9MiE19GOynkR8sPVDNNDtuH1aFRU
                ihw8uLqCwlMLku0rlm32Xw2wJpCLbo97MKJGKKfFsASt61wHdqlyTTJThxyo/TEb+9hE/MlSFvK+
                oS3T/CjGqoPD3w/0uvqI1CdxSlcKQfjKqfbOi+TtOSO0e9kUF3FEr2GSkRGMu7kHKwYTknEcupLM
                PLcPCxVz1Ykn78PBvgCwXhbooFNq/fhgooMp6D3NcwBKVcrK0jKpjjm6DFihpxVSMLoT6c+4qDhs
                61UnC2SOkoKjfIlkEWaFxvSuMljCvse23gcYjsGpIPhOwIxdEMg4k1UdMIFsSaVbZaLyPfpgimMj
                HEUx+TYV1LsBahtED4MMGHAt4paFx3oSPo3xW0MrVofHErxeSI46xsD+OXG3wqcdJ8UTA5Q3ItWB
                APjicYpI/wA65cB5xI3iB1zU4yHLI82BVx0wsmoszBhUFjvhiWCrU4XXTUlcEVVqFT70yxrUpDVj
                7bYmCVzVrvlMDTINqqt0wFPDLN2zf1wKag5q42qv6xPfGPNxG+IlqYXX95wXgm7nYDFaX3d9v6cf
                xOewzW0PAepIascQs7bj+9l3c7nBaku4UdO+BIRCEIvqd+gxSN6Hrga5k4gKO2VFJyyceTXPmral
                aRarYXOmzmiXCFC3XiT9lh/qn4s4Df2t1pl5NZT1EsDlGFKbg9f9l1z0AtS1RufDIJ+Zeip6dvrs
                ce5Igu2Hy/cs34pjIdViejy9ppm6DC7WnmFqA4pU9cOCUX298IvMEhoicqjrkOrZ0Y/TNl5VMmwc
                c6t+Wfk0auIr+/jJso6kKRRXPucjHkPyVdea9QUsOGnwMDcSeI/lXPSdhaafo9nFY2wEcUQ4og65
                IDqzhAyPLYK8FvDbxLFAioigBVWiqAPlllH5A7U+eXySQV9NiPFhx/XiBNsJFTivM/s8t8LkcO3J
                /9eBRS+ia+BB3yQQTh0Vl6MK5F5SVDV6+GHGmu31Va9sxcQ+1zZFNWlKjY/fiEs5pvibzCmJ29td
                ajOLe0Qu58O2WE0w5ldHaTX0bFDwWvEHuSfDBekeX/qksL3Ex3lU8T3oa0GG50saLY29zdS/EH/e
                DsviPnhBDq36Q1tZnJS2tlb00HyIrk44iRxHkLv9DXLLUuCJu6H63oGhanDdXtzBOAySsShPYV2w
                f5oiW00yK3iNBLJyK+IUYCstJs7iKG8s/hegLcdhX9W+P80PI9xYWkpqwjqT/rNT+GOnBOS+e9p1
                BjwmttqIPeA5JTY+XronYyKqD5tkSvER7ZH+1I29PCpGTLUrVT5ZuHG/F1pT/J2yIWKcxOX2CJ8P
                zrmdEjhMv6e7rzfFX9Fn3lx1j0q1BNBxIY+Fei4Bv7e2ur0MFDNFWrnfr2wki80aXpmmi3uLkCZW
                NI1BJphfH570uMnhHI5r12GazWcZMowFgnd2WkMBU5SogbBndpEqgBRQYc28Z2oM53a/mNpasPVh
                dR49ckum+fvLdwQpuBG3g+2YIxTB3Bcw5YHlIMxiSg3xcHC+11bTbtQbe5RwelDg5CrbqQR7ZaNt
                mmW+5VQMa5oDjwMQuG4oTlga3n/myR5b61jTdvUJHtt1yVxQ8IowTUqoB+dMid9/pGtw9wr1P3gZ
                L1rypl8zUQGnqSkHnMf7iogeplFB9GRe3KjT5uQ3+Gntkl88OVs7RR+1IxP0DItGKWyB/wBuQbew
                H9uZuAfuI/1r+1xMp/eS9zONJ+s2+nW5RSWMVR2674t6txNQAHkdzU74+G4KqiImwhCfLbplR/Wq
                sAoROHAN2FepzGnGBNn4t8SQKU7G1i9Y3F06g8TxQ7EYYo9rFHy5A7bDxJ74hFa2qxLGJQ56ua1q
                cc1tAEfepOIyQjyCTEnmoXV6rLPGn2RHQuRQH6MhXlysl3dRqRQile3XJTcKFVlXvGdxkY8rKz6l
                dqh3APUd698qzEy4duvJvw7Rye5K/OPlWZQ2owMZIKVmj2qP8tf45A7bRfXvPUkdliPVa71Gdd81
                m8t9IupJKGNV2p41pnNbOVnUM4pIv94PfDluMQbjIy510YYQJE8xwsg06zs7NR6cY5D9o7tv7nJD
                aXIC+AptkZgnqophjbysCPDKbLl8IrZkKMWPzyri2juYngmAZHFCDiFvJUA13wYd15ffiQhiOkfk
                /ouozXdxdzuzFiYoV+EKD0O3XGp5UtvLt00QT99AAxJGzfyZMre6ltJfViNDtX3wk13Um1MmaTYn
                4eI70NOvhl+HKSDAi/Nw82LhPEOSXaZZyXl0S28YPJ28cmUCiooKAAbYV6JAsUQA6lat9OG1v/d+
                +DLuQnHyRVK0p8q412HTsP1Y7lxjr3wk1jU1so/Qi/eXEvwJGNyWPYZU2MN8w27a55i9AAiC3j5y
                sOlB8Sr/ALM5Jba3ie15yxq5IXjyANPh7VxKysWtYv39GuZjznYdKnoo9kGSbR7ACFZplrTdFP68
                yAOGIvru0HeRrpslWmeXy8ovrwAKDVI2G598U80cl0clRv6ifryTSGpIp1wj8yR/7imUCp5L/wAS
                yrIbjI+RbIbSj70j0rkYlJIB9gclVnp0U8DXN+wjtIxyeQ7Vp4YV+W9JlnpNKvG3U7/5R8FyYLAg
                DxbG1kB5wEVFf8n2yGCF1IjZch3I6sLH5e6XcXb6nbepcCUFoZiT+75eKmnNk/ZXEdX+s+W1NtK3
                qnj+6dAdwe7fynJz62oQ3dvbWsUaadxPqyVAZSD2Hyy7yw0+8tp4ghu/XHF0rWpHQk/s8czeDHkI
                4xuO5qE5wiRE7HvfKfmSV5tXnklJLsasW7nCqh2pk/8AzC8jap5eu/0hT17C5PwzAUKN19ORf+It
                kEYMd69O2GYqR7ujXHkoNtuR/DDjy9bSSO0se5qF+/Cd+Pzyc+SrKkLXRHwx1ck9OmQurPck8q70
                y1COdIIbXcJGvJz0BJ+eFUAZrpRQ7dDg/wCuGa7d5DUPUAE1oO2MjMUczMAOVMAmYyECOe/zWI3X
                KvGWh752HTI1i0m0VKUZF6e+ciiHJlY9a51TQ7r6zp1olN4yFP8AscnkieEHzc/STETPyiT8mXWo
                +EDBvQYBs22rg7tlfVxJNAV3zMKjLDdsxrX2xYqQLCqkbHvgOc8ZkqNm9sGSmiFlwNfmNYFmc8eF
                CcCQp8SHMQPIMaj28cHxpxFML9LDyhp5ftOdh4DsMNBkxsGB5tUocvMc2KtHEpBXbxBH4YqcTY/E
                uEMSksbUXj/KSPHpiwaqke2BpPgnlTwYnHo1dsx5cy3x3ARlmxEIHgSOvvijN+8HuMQs2BV122b6
                cWk2KH3yY5hgeq6UmijxOA70hSPda4Kk6oMB6iaKnuCMtYIaM1AGPLKO+BgxCHjvTA5Y9a0OQPMs
                xyCNbj44kW7YGEp75ZcjAyW3VwIUJOFlnE1xL9Zk6fsg4y7ka6uRAv2FPxe58MMVCwoFHbCq+Rwo
                oMWtVojStgEEyP7DBN5OLeBYl+0wwDmpQt1cc3IHjmhlIpgNSa1OKKaHJhgU6glAIZjmu7O31fT7
                vT7hgRdRNGQdwpNeLf7Fviwr5u3GOL7RPfww4tV2ALglQKgePvkmLwGewexnmsLgESwO0bqfFTTI
                prwVbngvQbZ178ztKe31OHV4lpDeIEkYdBLHt/w0fHON6w5e8eprQ5VW7ZfpS7BWnWT6heRWidZG
                Ar7YFw48sXC22s28rdAcmgCyB5vpby7olpoWkwWkXGJFUGQrQFjTepw3SVWUm3QcR+32P098TsTb
                ajbQvQtVQR4dMMhDGihVHwjLHLFAAJRLDcyqRLITy6KlVAHv3wGbNBRONAxI67n5nrh642JHfAUi
                H1Idu5qf9icb6Mrf/9Dnc3xnYYa2h9OBV7jrgBovSeQHoG+H5YvAWmbgpov7TeAzHi5ZTOxsp9Uu
                fRhNEWnqOegB/jk00b9HaUskcQFY685T1JHXfI5pN5Dp9tIQQOQ+Edye2A7y4upIWkRQkINCzHY+
                2ZEcFgmW3KnGnl3AjvzTPzPqcM2mn1asnMnip6/ynIp5dg+tTzmJqGgVeQp1OC7uS2m0iYSS85m+
                GFV6BvE4zSQ1hHGSeUpdeZPjk82QAEQOxB2YYYEzFjexT0ny215YyLDOheHovH+PfEdbuTea+5Q1
                SIiNf9iN6fTh1oF5DPbGZiD6cZd/oHXfIfY3DXFzLMByZizUHix/tyGijuZeRbNZKwQRRsBmlyhf
                yjIAD4+5oc5dqF9NaRzLExUyAxnxoc67eXFpYeXBHdOEX0TzbwNM4He3j3UzOTRaniPbLfFAxyiO
                Zk4/AeMHyQjksxZySTuSdzjeVOmWWxMk+GYxbhsuLk5gTjRTHVAyQCCUXDqF5bkC3nkjP+SxGSbR
                fN/mGzZa3ryRrSqsa/RkPQb8jhhHWKKrdetPEnHgB5gLxyjyJe6aD5+06+pBLI3qigblQb+2SK4v
                YZoGeJgRTOKaBpDiD6wftn4jhpLrV3aKbcuVH8xwHT9YlkNR0kPknVrMZ/MSr1+Kg8Nj1ydxkVO1
                T45zryrPFNq6SFwxCkn/AFjnQoqljkcwAIA7lgbBPmkPnVQ9nakjpIafdkSjcma3Q/ZL7D6Rkj87
                TEmxt69S7n8BhJawqby157Bfioe5JOZuDbDG+4uPPfIQO8M3gnRFbYA9ydqADIpq2v3OqSPDYyND
                ZQn03ddmkf8AyadsMNUE8+n3SW5If8flkSseKwiEsY56sKHYAHYk5iaeInM8Z2HQuTlJjC4jf7kw
                WaWFedrcyM6ipDmoNOw98lGi6m2o2TOa1SgavjkOiPBTFB++uWBWNEBNS37R+jJfoWmyaZpgim/v
                5TzkHhX9nJ6yOMAcNcV9O5hglMg8XLpfeiph8IB35Kanx9sjPlByusXqj3269zknkXkFIO4RjX2+
                WRLyvIqa3PSh5136Dqcx8m0I33hysW4y13I/zpfM+nmzVOHqMAS3em9PlkOsLa0lhniI4TkKYu5B
                H7P+rkm84zxS3MFupDUVmcex2GRi1sPXuDJFUtEhYJ4kniv68kSDwxiOG9qLDHtZkb62FOMGN+PQ
                4Phc7HENQVVuSEbkwALntyPXKieg/hlRjwkxPRyoyEoiQ6p/aTbAHDWN+S08cjNvMQQK4cW09Rix
                IRM7cYnb2whkRpGgVjRTQKPEncn8cPJyGhcDqVOEKsXlSUn+7QFfDplmAeo+5x9QfTH3sk09RGrE
                bgGlfYbYLtn2ZG2YHpgDSpOUIB698Fz/AAFZl7fa+WSnGwwhIA+9deXbL/o8KlpdqAYBs9McTNcX
                BElwa/GeiA/spX8cNFcOvIYoOuVx2NszuKUEtV9QClT44c2lVj4n7OwXAUXwEuOvce2GFuB0B+Hq
                MmZWfcxAoNSDemIz2CX6rFN/dKwZvenbBXDk3t44rUKPADCI3z5LxVyXoEiQJGoVFFFUbADE1vIz
                J6Z2PYnpgS4uv2R9noTvlQ25lPxmoB+1TfLKa7TU0YFTuDsR7YirvpsYSwtzJzcc/i6DxJY9sp5o
                rePlI3FFHXrikUsc6CSNuSnocNr9y+906xvYna+/0hWUh4WAdSrCjIE984H59/Le70X19Y0qA/or
                n8UFSZIAf5vGM1+1nc41XTXnvYUknkk6x15d/wBgdsHyQLqlurXJ4RMAWt2AIPekgPX/AFctEhIV
                JgY1uHxlIhDBTsSaZ0aCRbPSodOtiPjUNcOOpJ/Zw3/MP8spI7mfWPLNs8lvX1bi2FBx3qzwL9po
                1/aXI9YKBArN149TgGP1b8h9qDLbbmhZ5TDIGHUdsdFOryc+m2+IXjgu1N98QswC0rMfsgUwSiDM
                S6hMWSWnGRkBO1RnRfJrrJbugNfTc/RXOYaZO3ME/ZHQ50ryMpFtcz0oJHAB+VTlkx+7+LKGXhkf
                MEfNnlttQYYqRTC623TkMGqwA4nMelJ3Xkb1GaoLcTjX5Ky+HfELm6WJuKDnKRsg/WcCtySpbo4l
                3B+yo6n2GFdzznIaX7P7EfYf24LETs3rTnlIengPYYkRzkp4YeS80ZZJwQDBmB4tgMXxCC7NmysK
                HHpiBPxgYuemBgay/IYQxKUXo4X0g7MAw+7E1ahxfWSUmgamxqCcB8soybSbofSjrFz6sqV22NB0
                wVKdlPgRhfaEi5PX4k8fA4McniPmMlHog8yqP9tflgTU/sRn54LO8g9hgHVjSOP/AFst7mvvQkFG
                5Keh2wPIOLlG+jFrY/GRmu4yTyGRPMshyCEZSu46YlNIUjJxevIEHY4X35KQsB1Pwj5nIslKwX4m
                kbqSW+/BMkhY8R3wLC3COg77D6MXjFPiPU4y5+5MeSJhUIKnFprF52M5cMD9inQDwwJ6oApi1tem
                JqA08cYmlItTe0ZO2JCMg74drLBOPi+E+IxCa07pQjxyYosNxzQlrF8TSleW3EDByTR70QgjYmlK
                nLiRYkoBtj3eQjj6dAdt8LEJd5j0z9N6DdWKKGuOPq21f9+J8Qp/rCqf7LPLepcvrkoYUYMQwPUE
                HpnraJXVgw7Z57/Nny4+ieaJb2NT9S1at1A1NhIT+/j/ANi55f6r4DzBSOVMBwZplvcXV9BBaisz
                sAtMCZ0z8oNC+u6u2oyrWOBTxJ6VwhkBZe3+WbGXT9Lt7Wd+ciIOZ8Kj7OG8z8FA7nE4RxoPHLm3
                l+LoBtkg5UW3X4foxMoCFPh/TFm6Yym2FL//0YRfhVlIGwp+rA8E/qN9WgIDUq5JoAvucvXGdvih
                +24oo98AWmnSQJ+8l4Ft3PVicoxUQCXIymiYhkCX1pbx/vazSbivRR/q+OAbzUJ71RCH4xr9leij
                6BhdcSpboPTQyMdt+uBpDNMgkZhEBt6SVr8ycv45SO2/3OPwgeSOtLJ5OEsjUh5clFd249z4DD/R
                ZozqKRy7rI3xVoR7dcLox6cEY7KlFwRo1nLc3CSoSjBiwNK1Xplc7otuOuLfk9Km9PTdJu5LYem0
                ienVdvtbEd1wp0EwxVlegJYKg+W9cS1a6mj0mGCUAEyBS47hQaV75G9R1cW1s1tF/eSrQMD9lT1P
                zOX4fTglI85bNOY8WQDnw7onzh5sl1Upp0D0tYNnI/bYf8ajIjyByqjrmG/TKSUhphjeuKFSOuWq
                1OIClYEPXMFqfYYq9AKZaKTsOv8AE5OkK9nbmV6nZU3Pz7DB9tbm6v1gQVWM1avjisSC0tuK/bPf
                uWOHvlvTHU+s43O5JywBrJZJbhbS2AO1BkX1y+jblQb4d6xeiGMovWmQHUbsu53rXJE0xAtW0jzB
                NpOoLNU8CeJztvlzWU1KEODUnoc85TtX550z8sNQkcJCdyrFcxc424nIxHoyfzc5l1aJR0iiH4nA
                cNPr9szmoHHY4/zJcCTWLmNN/T4RV/1RVv14E0zlc6xBESaL8Rr7LmaBWKI7oFx7/eE/0mV28kYU
                rJ1dj8Ptml0/Tpt5IATSpJAr9+CLezt4jHKx5sxPXamCWmgVahVpzox61PuP5swY4qN8VHycszHQ
                KNhbaXYoDbwKkp6tT4gMVlm5FhGD0oD23xheISS8yRUgCnb2B75pbuGH1PTT46AA16j5ZLgB5n4l
                FnoENeB4gEB+1GaU/rkS8tDlrrqTT7XKvU5LH5Xkhldqfuyqr0FB3yHeXwy69MFqCOfXcih75DMN
                o1ysU34OWW+fDugPMN5EvmK5s1/3UqAn5jkf14Fj+urIk1oDwK/E9aCgNThBqk11LrFxMW/fyznc
                +BalPuzpWj2sQt1ETAPxAbuGp4qcjkFyFnc/oY4TQJrl+lj95dQTWUcUiGK8DsxWgFQfHC9GNaYc
                61Yh3ZuAjZalF7En+Ru3+rhC3KOQq44sOoPbK5E8W5v383JgIgena90wjk44ZWs/YnCRHJwTBPRh
                vik8mSLKGXxwoMfG9+qgVjYFwe4H7S/0wVDMCm3XGesY9QiPEEspA/pkokiQrq05ADE30Ta0VY0W
                h3pU++GO0sZXxHTC6HiQWQ0DdvDF0Zo24r4VOZHRxOrreUxs0JO6GmGMZ5EU6nCi4ql0klNnHFvn
                2wxgJXix3FRlcxW7ZE3sjD8IDjow+7B9tydQRso7+OBYYPX+JtouoHc4PqFFB9AwQj1KZHovJA2x
                jAOCD3yuVcvlTLmolDi2cygsfhApXv1wYtFFB0xFZVboa4oHHTCq540lUpIoZTsQcfDFHAnpxLxX
                rTGhssNiqtiBUxXC3bSuURSDAN1P0da4orA47FCIguRq1tzty0KNVSWWjU6GinOc+cvIUYAm8vR0
                uQCZ7ZNlam5cV6Of5P2sm8yXDNG0M5hVWq4AryH8uGFpf2176kNrQvGeL16KffLYT6MZR7nypd+p
                HM8bqUZGIZWFCCPHG2rcBMlQTWhI6Z3Pz3+XlnqsEuo2r+nq5PKoG0xpQIy/s+z/APBZw99PvNPu
                5rO9ge3njajxyAqRhI6hiDWyaWD8F28O+dj8o2wj0i3Wm7L6jf7LOO2q/uwD3IFc7roEHpWVstf9
                1pt/sRhyGogMY7y9yd268Id+nbFWBDo3h1HtjYxRyh6dT7YV6rqwV2trAh7j7Mr9ViFP2v8AL/yM
                obETf6tHDL9UgPO5cV8VQeLf0xSygAUyMeUj7s56nIjYp6dxuSzE1Z2NWY+JOTG0P7sfLDS2vl+F
                cCxCrE+OL3TfDicA2rkCzHK0WppTF1NRXAb/AGcfaSclK16HEIKJzHNmPTJMVp6HAsJ5F296D6ME
                saKTiEKhY1A+ZwhjJKfMLSrHEY05gMC56kDucAqagHsckksSzBlPhkWSsTvA/wBqNiu/h2/DKso5
                FsxHmEbbMBcxE03DDB7yK1FXxFaYWQH99CSafEw/DB/ABgR4jBHkEy5lXP8Ae/QMBauaRxf6/wDA
                4O/bOF2rn91H/rj9Ry5r6FBW7AOSTticmr2MjtEjklSQTSgqPDEvUCJM9fsiv3DI9bMXVqijVJ+/
                fInmWUeQT97y3UcmYDCm5vxfOq24/cqT8Z/aYeH+SuFly7Ty/V46lF/vWH/EBhlFbyEKkMZJpSgF
                ABiO/wCSfJfH2r0A2wQheQ8I1LH2wTDpaIA9y/8AsF6ffgTUdYSAizsgBI3Ur+yPE5Fk3dRz2saz
                Sj92x48l3ofA4GE4O4PXvh1oTrNbSW9x+9V/th961yPa1pk+jzc4yXtHNVan2f8AIb+uECxsi90f
                DfNEaHphpb36uNm+jIhDP6g2O/8AKcExyOpqDQ4NwnmzASqwIGxOx8MUSSMUVhTty6j+zI1BqTpR
                ZOnjhnDexyDZh8skJMTEJ+I1271yEfm35dbWvKE09uvK50p/rkY7mMDjOo/2Hx/888kUVy8Z5RHb
                +Q9D/TDGG7t7uNreYU9RSjxt3VhxanjtkrBDCiDfN8bAVIA756P/ACr0caf5eimZaSTCpOcV1Dyx
                PpHnGTy84LCG4CxMR9uInlE/+yQ56Z0OzFnpltbgU4IBTGLdjG9pgKgg4+Xiw5EbgdcaRQjLc/Cf
                lk28N9Rje9MtTVRlYpf/0obb2c17IHqBGuxr3+WHEWjRCOiqXkI/vG7YC0RpCgLKeJNRXJggVoRX
                bagzEx7miaAcvLsLAslIYvKdtcQO0xLTcT6VDQA02P35CLy3e25wyiksbcT9GdbjYQ2/P+UH8M5d
                rZklvZ5DuXcN9+Z0dgK73Clufgrs1LSJj1KgYO024Nlcwqwqqgj2IwK8R9OGMdY15uPYDDLRzFJe
                iCbYelVCTSh3+eUzHpN9dm7GakNr5lMfMuoJ+jbOhqpLP+GQGeeWZy575JPMskaPb2yEHipdgKdS
                dvs7ZHzTJEnhjHuayBxEjqhg79DgiKQ5XAHHKtOmQKQqtJy7Y6MY2NanFwhHQZOIoIkXcVO56YIt
                I+b9KKu/09sSA4rU/PBdoaDcbfxOTA3YHYJrZWv1u5VBuqdfnkuRPqcAA2oMKtI+q2qAt9s7muLa
                lqCunGP78sDUUi1u+JrvvvkRuJ+TGpw01WUk9fHI/I2++RkWcQ52qc6v+U9g3BZ2GxZm+gZyu0tp
                b64jtoVLPIwFAK7HO/8AlGxXSLGOJlowXfMXPPlHvLk4o7Esd1SXnrF6en71z92K6WzNrSEbUUg/
                IL3wDcO13qd0w2LSsT8q4Y6cBJqc8qHiqV2P3ZnTn6SO6Djwh6h/WZdbW883GVmATqg67+OOuY4b
                RFeaXiqbqCdyfHAc+sw6Po4up9/TFFUftMegyDSarc6ixvLyQ0bkY4qniAMw8YlkNRNebkSqO8uX
                TzZ1He2EhA9SvHfevU4NjETBiADUV9s5rHdO9CrceXI1GxFNzUeGHnlrVpbqCZmqVU8F367b0yOb
                FPHRMrF0nHKM7oVTJI544ZCtftRnfqPnkH0a69LWbt1rRQ/w9T9rDmW6dbiRx1WEjqaH/JyK+W5l
                N/eSvsFQnc9KnBM3GAPe249hlPfFKbyk2oiUEAO/KvYb5MNMvjCwVmpUUrkKkDAMxPxK7b/M1/ji
                1nq7KPT+0U/ZPX5qcc2Pi+no14ZAWD1Z3eSiYiKTdeuRzWIDE6zruh+EnvXtXNb6wszcZPgY0ABN
                RgiYC4ieN/suKA9fkcxSZRNSDlRqtilaOaChxVHK98AI5jdom6qaH6MEhwRloOyQnFrc0G5xWeNr
                qe2VG4/F9r3ocJEnKkAHDBboiNXB+JCG+44QaIPcicbB8wnVu9xYsTMCVP8AeDqP9YYa814+onQ9
                /Y4lzEsat1qOvzxOANA/oGphkPwN/If5T/xrmV5uv8la5/eRgruVoV+jvh3Y2pkUSSCkZAovc0/h
                iNhp/AFpviX9lT3GGhcKKDIEWWwbBVLBRQfQMbywM0wHfGmceOTDElF8gMaCZPZPHx+WBkcORzbi
                D0U9W/swRzJPBO3U9hihe3EkKo+IDYjsPfAU88sT8SKH8D8sHLxQUH0nxwPNNBK3otQnr7/RhVqK
                7c9RXBIkZvbA6IEoPHofHFgcVV4ya4IDDvgRWpiomXocUL0uYJZGhRwzp9pcbOLpUY2MiwzGlHYV
                H0jGC2gWX6yi0l8e30jH20zzK/qJxKNx9j7iuO6fcjbXULR3FrLIJL0L8aDqfE07DCDzf5JtfMcE
                l1cssF5FGRbTLsFHWkn86n/hcM2i4MZoEQXFKLIRv9JG/HBVleVjRNUkj9cmgQH4T8q9csjOubEx
                vk+fZ9KvtNuobC8jMcruoSvRgx2ZT/Kwzt+n8IYYGJCIiipJ2AAwbrPl+11v0DPGFW3cSxSADnyW
                tN/5P8nCe+PoxPasGKIfjlVaig7J/lf8Qw5TYFMICibVdR1yGWT6tZS8R/uy4AJ2/lTY1b/iOAFe
                0jT04moDU/FWpJ6k16scQ0vzDLavJGSGj5HgJUUsF7b4dPrUN4oWbjx60AAzGGWrHVzxoZSojkd7
                v9FJPFHK03qRRsR77ZIIZrqNFHBfcVOVHcW1BwAGPN3EoLHIHLP+cB7m0aOA/hkfeWnknc/3X44r
                FPwWjRtX2pjI7lT8XbBAnQCppkeOXO2MtNEbCJ+am92CpAif6aYnZ3QiZvVRhXw3xVpkbc0AzKVb
                daCvTHxJXzX8tCtwQiPr9v3LD5jHC9tW6SrX32/XgQx+oeKdurYm9t7Cn68Piz7gWs6aHSRCPaaJ
                0YK6nbsRiVs3KJThc1qB1UV+WN9N4hyiJSnhsPuyQz1zi1y0vdL7E4B+PI3rwW21GF129dCW/wBi
                R/XDG21NQwjufhP+/O304UeayHmtZg3wojFSD1qRllxnHYtHDKEvUKXwt8cDAn7f8DhkZeT8aUAI
                3OEFlIx9E1J/eDv7HD1yFoSaEkUHXIgUkmyjKdT4nCrWT+6T/XXDATkLQ4V6u3KJadeQy3qw6JJe
                S8LWcVpyFB9O2FcTclZIyBxIMjdSq/1y9fnaOOKIHi0rj7hvXHaPZNLbNFDV5Jm3Y9+1T7DCRsse
                aNt7WNIwIxUMSR47nqcNoY0tY+b/AGu+CbXSvRAZ5ASAAABsMR1PRhdQPzv2tUPWQBRT6WNMrbLD
                GNc8yrExtrY85zXYdF92OFthG+88x5SPuWOSO28i2lmpaG59WZtzNMgYk+PWmF2o2dzYkq8vKgrW
                lMNADY35oBvnsj9Eu/Teh6MaZJLqGK9tmilUMjihByAWFw4FT161GTjT7kTwKwPUYBsaKTvuxC90
                SWzkaSA1hB2/mX546GB3FG65LbiIGpp161wluIWhPKMApXf2yWx5sRY5IZbJj1GOFi43UkHBUN0n
                2HG/Y4I9VAMiQzBtBILyLoQw98XFy+wliO3Qr2OK/WE6Urm9df5a4FY/qXl1Na8zafrwkBkgVYJo
                2WjMqsWRq/zLy450SNeKADthFp/Ka6WooF3yQHYZZDk2QGy042Q7fRjjjJTtk20Np9kZeUn2F+WX
                h6If/9MJDbKgclwzgmoHbbww2tULR8j0AwRqemMpMluoC71A74jYtRGVhSgNcxruYcqUDGJCD1aT
                0NLkKHdgVH05DjbCaSGWQdV+Ie6nJlr1sW0wU7EMR7VyNzzxtArKN4wQfnmVI1GnEA3KWOeUzE7K
                TQN0+z1xt00UMjT8zHKoVQq9CQKjbLaaOCFppfiXp6Z8Sa4Sz3bXMrStsW7DoB2GRl9IHxZCRBJH
                uVp7iW7meeZuTudzidMYpxUDIoaArjytBlqB9GWzA7DHqnoibSMN1GDTADvTbG6dFyphpcwiGGve
                mXRGzUTukNy1GES/M4Y6ZEJZxFT7IBb54GEIUNcS/On6sMdDRlYyuN23398IH2oJ29yPvEeGhXoM
                LZb9gCG6jDm/kBjpkUvTxLEn6MkWIQV5cF2JOFUj1OPuJyzHEFBdgBuTlUi2RDPfy4so5J5blhVl
                IHyGdXSbiv0EDIH+XsKQWU7U+Jiv6sl5l2oM12aR8Qufjj6GDx3JTUL1K0HNgSf9bDHS7thqM8Yb
                4fiNcjQJm1O5+Ki+ozH3o2G+kAy6nMK8SVbfNlLfHI/0XEj9cf6zItftpdR0lIo/7xSHUe4yHpIq
                IILtGjKjjT7JoD75PBcQxRLCyklRSnb7/HAc6W0r0dASBX4qbVFdq5h4M0sdgC7cjJjE+fRitraX
                mpzGCwVqMvFppOgWtTvkz0/SV0m1WBN1RS0j9yxG5xC3uxAjfV0Pw/CAq1IzXE99OHVQd1orE0G/
                Y0rvtlk5Ty1cTQYCMYciN+aBuZgy3DAkj0aADb/Y/wCtkX8vIJZblD0YL+vDbUfUtorlJVKgxV4p
                0ofA+OEGhNNW5MJAcBev04JA+kcjbZEjhyHmKCreII7q5hHQEEfqx2i6NHfNOJNvTNUI2PxZd6KX
                SOwoZF4mviMOvK0e07HuQPuyzNsCB1ceHO0M3ln0U5CSrdhgSa8fTCI5/jQbVHUZMbm0kkB4vTwy
                M3vlu5mkMkzh08BmMRI7y3pvjIDkkEl1HNKZojUE/wCdcXSWo64S30X1HUJVtz8KkAp2Pji0V8le
                J2PdThqvi2QmD8E3D98FwScgV8cKBco3Q4KguQCMDYzzT5a2kLHeqCuHmnvat8L7OTQKehyI6Pdh
                rNUruhKn78NI5wu5NAN6nMqO8R7nAO0z72YlwBibOaZE7LzXbLeGymkMg/ZPce1e+ShJElQPGwZG
                6Eb4IkHkeSSDzKhKw33p74mD6e8nxOd0j/i2LvHjPTTmHcfF/MOuSYqlvHJI3qSn4q7nw9sHAhFp
                0AwBHdSCQgx8IVFORPf2GJveiUkLugNDTx98VRU10xFIxUd8qAI0hbiOVKe/04FQHh6kZqBuVPbF
                Qyy0ZDxlHUH8cVRwkDtwoTtUnpls3Dr9ns2IQSu/wuDXuf64s0iBaSUoete/9mFUPLd02TKhmdmF
                TjLi2KfHHuhP3Y2FW5DbFCeQmqjFgcBQvQAHBSsDilVxGW0glkjneJXliNY2PVT7YqDjxirdhe3c
                nqJqSpBGDSMhq8h4k9sU1LT4NStGtEQcG/3YNin+Uh/nwLdWtrcx8boVQGvUruPlmttaRZWteHC3
                jAVJgQwNB2UYfEEfqIHvSMcpbxBJHcwfVPJ9xp03KPWSSdwlzEzIBXaskfI4Hh0/VgQI5LWanThO
                FJ/2M3pnOiX0uk3VtJbyR+usoo6sDQ/M+2Qx/JmlQg+nPOedSaSP8Nf2dz2yrKcNWOE+47uXp8mo
                h6SSK5Ax2Y/qPmtdBuvqWpBorgKG4U5fC3Q1Wq9sDv51lnP7iB2hWrPIKdFI5UFffB93+W2kXk4u
                Z7645BQgFQfhXZRUjF7fyDo1tTjezAf6w3/DKuHCeci5H5jVHYQh79/1qUPnAV4OjxUJBMinbiKn
                p7YYQeZLeaQR/WAx6lV64MXy9osS0JeYn3J6jid/8oYybyXGyG89WG1hABAm+IkgcR0/ycHhwJqM
                /mg58kN5wBv+aUwi1FeIbjsehJ3wyt7szCpHEYTaVomk+gkMWqB50+1yqPiP8vX4cM/0TfRn9zcR
                ygeDb/dj4UhyqQ8iv5nFLaVxP9IJmsqKOK9Opx3qAtybqPsjwwnivBGTGxDMp4tQ13GCRcj7Va+2
                NoMRzG99Uc7itT9PgBiTMhHgKYEecudzt4YwSk7KaAdSe+FrpTng5OSB17YX32nLMlCWG1KA9jhr
                UmlB8zic5ptkSKNjZAFjcWkkSNa+mpHJUYNXv0phi96h+ODgWG5WV/Tr7AnbM8QdemBpLYEdPoxG
                SY57+9jLBjlyuJ8k+tmjvoRMux/aXrQ/MY2501bhQDIVIIINPDCO3a405/UtvsH7UR+yf6YYHzPZ
                QpyvI5IqfaKjkBmRHNE89j5uLPTzjuBxDySTW/KN/dSx3NtKswjIrGfgIA32NSOuDNOht/Lem/Wd
                UkWDiKM7GoHsKdTg7VvMdppui3Or0LJFEXSPYl2pVVFCc896x5x1DzBM8l1cOylqrCTRU/1V6ZMy
                sUKPm1iO9nZ6L5h/NeOAfVtCQOd+VzKp/wCETb/hs5tqfmbVtYcm8upZa9mY8R8lHwj7sKH5OCa1
                OOt15kVoF7kmmDhTfc97/L/zGNa0FBcvW7sQIJfcAfA33Yn5mm5rRftMOIznXkjVY9H1lEaT/Rr4
                ek9DsGH2SemTbVbhLi6IQ8liFKjcFj/QZKkWh7YfuOKj4vHwyQeXbhlL20h+JTyX5H+3Ce2jPEAD
                5nxwdaD0buGVdqNxb3DbYyHVYnoytqMKYAnQCoI2OCi5FKYGuWDAEDetDkGSTTRek9V+wentisLN
                IOJ2I74IkQMKHpgZeUbAHr+yclz2KOW6JWIbfjl8OwxSNg68h9OP2FTkWSK0hQZZG8CFw6bCnRVP
                omQ/tsThscsj9Ib4qZxkvTHnriM5oMkzCpGaxj5Y/EoD+7X5Yrh6If/UmLNEftGtcLr7S2dGmtvh
                J616EYJeS0gNXkBPuca+o8lohAj8fHMMc3byiDGiPmkd8xuLV4aUYKUK+BpkLmT0rfhIeND8RPbf
                JuCs0k0o+wSAD7jID5mk4yCNTsSTT5ZlAkxjbq5gRnKuiSX9ybmTiPsKxIIFCa9zgZU8Bl5dTiba
                w2gNcXA2xFRvi69On05G2YDsfGtSMTG5oMGQR75ZEMCU60mEbM3QYtdt9ZmES/YXdqfqxFJBbwUr
                uRU0x0ICRmRqlm+I5aOVNR52pSwmaVbdB8I3bDSCBYlAO1MdpsCcTMwqzb4rdSIgNNjhHei0u1CY
                AHfIvfXIqd8MtUuhQ75GJ5S7HIyLKIQ0rVauCdPXlMp64Fda4Y6cnpSIWHXfKzu2h6l5dmitrUwr
                1AQMfoqcOxK0in0xXY0+7ITos0jy3HgOFB9GTiwpFbNK/ZSx+gZrskbyDzpzIH0fB55ZxkXspmNK
                Oa+5r0w88twtNq0gj24q30dsITKWuZHXcsxb7zht5auHjurhk/lIrm2mKhL3Bwobyj7yy5bK0h4N
                LK0gJJLL0qOpYfyjEmmhhVWWJVBk6uaqRXZgezYiskkiIVJLJ1IFA5pt47ZX1NpE4hAAGqoJrv3b
                vmIJgcqHuDkGJJ3s+9VuL9Y1mRGNBQKqirqT4HvgCfVvTd2cMeUfBSTQHsFp/N/Ngw2LJvPISo+I
                Iooa/PAj2UDB3arMo5VY9SOhI6YPEHIkp4Un1KWWazuealfTiULGprTck0PthFodwLeO5kau5UAe
                J3w51A+nbXasCv7sEBd+u1fnhboKL9UuCwqpIrXpsMZV6bG19GQsRnXkturlp4lnbqDX7jkq8p/v
                UvFHSPi/0NkRumiNnMkNfgbkAfA9cmX5cgXIvY2+1LAlPoJyeo2hdbCmjDvKu8FPq4EvblLa3luH
                NFjUsfoGK3BkgcxyChByJ+dNRMGkmFTR7hwn+xG7ZXEXyZE1bDrhWkl+sN1mJc/Sa4iSpR3YVrsA
                cNGVWtY2HZKDCm4oCqD6cETxGu4pI4Rah9k7Er8ji0c80Y+GQn/WFcRpVvYZdfDLOEdzEZJDkWZe
                WbxpElR6EijUHgdsNNRjnuIWSOQoCNiMi3la443joehXj9PUZOLGze9uFRN4VIM3h/q4eKMYEy5B
                RGU5iuZUvLPlKZYhqF18TtXgngv82SeONtPq8LcQd2jb7J/phkBwhVB0A2A2GITIsq8X6HNeJS4u
                MbHu6Ow4ImHARY7+qtb3cVyvwmj0qUPX+3FyBkYura6sWM9vJVB8Q8QcMtO1iO6jAlPF+hbtX+GZ
                mLOJek7S/HJxMuAw9UfVHv7vejZlFKEVXuMTiRYgDF8S9CB/DBJAOx3xBo2Qlo+/UeOXtC5FUMJI
                zRe4/gK4qvCvqqN+ny/5uwODyqY/hfup/wA+mNqXYBQUetajptihFeqshKKxRge/6zi6tRKz0LVq
                B3OApLiKChenqdAabA4xGknJL0WhryriqNFzI8tCtF7b7GvbFyvEVXde9Ox9vbAassS8ZTUMdtqf
                KuCImVVAU1G+/c4VV1JpXHCahxMHuOnce/tjWX9pTiqPinHfLvNQt7CAzzuAB0HcnwGFU92lpA88
                posYqcg97qtzqchaZzQV4L2UZVlyCA8zyb8GE5D5DmygalPq03qyHhEP7uLt9PvglAykmuwyIabe
                yWzcJCT3ByQJqkRAJ2BGYkpGW5dkIiIEYjZO7Z3O7HBLyqNicJF1NFHw4lLqYPffI7BjIEnkmbzR
                mpOVG1vI/Gu+FC6iGfh9JOCLWQNJQnbxx+LKIFbhkkFsgUd81xYQXEZSRQw8DjIJgiChqMFK5ZeQ
                FBlo5bNUubGrny3AAfQJjJ3rXAbJrdjC9vHW4hYUrWrAexO+S5hy7YHkg7gY8Ugx4Y9QCwZLma1I
                iMZiA2FQcMra8dhs/wA8PZrOOZeMkasPAjCqbR+FfqjcP8k9PoOIn3sybCqtyClS1Pc4rBJyPJTU
                D9pth9GFDn6s4S4Uk9q7gn2pg+2ie4PKQFIh26VyYo8mBTETRgcmfl4f7WUaO603Fc0cVuDxiStO
                5xzOiMoYAMDsBiR7mOw71TgKEYjxoaH6MeJYyxWtCe5xkgZQSrBhg96D3ha8dQQcDTWayoVIqD1B
                wQs+1H6jaoy42DVNeh75Gk3uwq6tm0I3AMMrWsoLRyQqrlGPwlW5HaOntnOvMui2z1vdPVPVQ1mK
                fD1qSjghP2fiXiud8kjikUqwBqOmc/8ANflSyYi6giCEmrquwJ8aZZGZiK7mqeHiNjmXkMDcnCk0
                7YLW0US1LhVruTvTL1eyaw1ELTisnxDw98MI7Sa5iSSFC4O2w75lQ9QBDgzBhIxPRq6S0ayVIZ+c
                0Z5ceJp70I44Ftdd1HTX4wSnipqEbdd/Y1xee1ubG3eSeLirVUFutcIqckV6bGqn5jDIIB2Z1Zfm
                G6cVvrRZF6FomMbfPfmuSSz84+W7oCly9vJ2ScUFf9ZeS5yFFqSpIHgTjOfxcK75HdOz6Yt9QtZ4
                EmSRXRhVXQ8lP0jKaWOQ1UggZ5ysde1PSn5WVw8J/aUGqn5qfhyQr+YuqSrR1AlHQoeKn3pviK9y
                bPve0tInjiLtEwpWucaT8wdaVviKsPAj+OGMH5iuFrODy/lCj/iWKXqAkaBqj4k7/wBuLvMhhaRT
                UUzm0f5iW7qTQofBv7MfoXnK413UFslj9JWYculSK03wHdMRuHsemp6dpGPbBw3GB7deMKj2xYZY
                G8ObA1x0wQTgebfbJMw3bn92MWxC32WngaYrXHoh/9UonhtoJQst07yDcgVZj9GObUpHiEMSmOFe
                7H43+f8ALj9Qhh0+3IU1ll+J5TuWP9MJnvYIloWrQZgzlRoO2lllONVQT4eY4IITHNROCmn0DILq
                OojUbkyKKIBRRgDVdSM8rCOoHTELSppXMmBPALdbkA4yAjQM3Ag4oF2qcugywbhq5LVGPo1N9ssE
                DM7igyJG7MNxLVqdcObSHoSNhucLbReTDJCqCGGppUiuWwDVMqJUTShCaL1PyGDIohLIsaj4erfL
                GQQkIZnFC2/0YNtF4KZW6t0+WWANZREkgROA+EDCTUbpVB+LfBt3OFB75GL+4DsaYkqAl99cl2IG
                F5364vJ8TYkwAystgC2KP1JUj/mIFckF/prWQtZuXJpNqDoBTbA+hQReo089BGm9T/DDjVpy5sVK
                EJy5VP4DKDKXGAO423CI4CT5UyDQdMe2txLJXnOQ5HsNlyVPE40644g19JqfdgXTwrWsDgVJUUw8
                jjPoNz6MCKZhxJOUSPQhyiKgYjqHktsKTgsO4rhx5eoJL3bkxBAFBvv038cLJhwvpUQUAkZR9+G3
                l5RHdXPLuDTvsO+bXN9E/cHBw/VH3llSICq8jwVVBPgPHI5e+ZJZJHt9MA9JTRpyad8EeaL5rPSo
                o4CVNwQhY9eIFfxyKxkxwKAvwkEg+LHbr7ZiabAMhJlyH2uRmycAFcymh1LVV5T+r6qqKvRuVB03
                U4c6ZeLfwSPT4wtGUeNP45HLJypdpqGNVYyN26UC4c+T7WVrO5np8DsVQnwAyzUYIQoxFG+nVjiy
                ymCJbiubeo21bG+cVr6Y2pUjxbp/scIdKtGm01+D8W5mgPQ7d8l1+pGmXvJwP3Q4+IA6dcjOlmSL
                SyyIW+I1I7bY73j4Ruy/gyWaFhBR2cpW45ihRRVT165J/wAu7y3stTijuWCLMrQhjsA4bkoPzwjs
                y5eSI7+oG5H6K4XJcGITSUakbCUBTQ1Hhk9RAyBieoacUuEiXcXq/mCWOS7ZUptsc5F5yuJJtXFo
                PswgKB7sK1zp+h/7nYIb+vJZFBPzHXIv+YGhR2tymqRqK1VXB7noMxschGonoPtbskTKyO9II4pP
                qIYKW4KPlkeMgaRia1qQfoyQyXUkVg6pGS6irE7KKfryNRqx3bqxqfpw4gKJ62jLew8lVOpoDmcj
                vj1qOmKxRXN5KtvbxmaZ/sIoqTljUmPle3E8kx5FT6iBW+/O1aNZ20VqqJtt9+co0bTJtOhHq7TO
                fUdfCnQZ0DRdRagRjmFmycU6HIOxwYTHHZ2J+5PJ24DiO2ApJ1X4a1bsBhgypItT1OFUUUf6RKyn
                93xJ+kHIgEkAdWcpCMTKuW6Ga0u7+VlclYQaBR326k4Mk0hLaJTEKHoV7YZrPCZAYV+B0BQjoeJK
                H/iOPnlSOkc4ALKGH+yFcMsZiT5dWMMokI+fRKUmltUBALxftRn7a+PH+Ye2DYp450DxMGHt29jh
                XfX0Zdre3AZz9puy/M4Qr/iK11ET2yKbVjSYdeQ8adstxZpDaW472vNgid4bS/mszKqe2Jy+oEIQ
                7n9rEobsPxWQenI3QHofkcEVzLjIEWDYcOUSDRFFAwxMjfvyWqagmlB/TBTtUBAnIHYU2A+WZ1BF
                B07riQJQHjuvdT1woV2kKAK45J05DsffxylZofjj+OM9RXEGnZvhiYBuhDYsrUAp9FP4DFaV1kkY
                iRG67FSf86YM6ioIqew6HAKKP2th1oNvvxcSUGK0xrzfqUUMMdkWpLKwYr34rkVNyi047nB/nHTb
                +51qG9iQywJDxIXelDvgO20PV7zisUHpRt1lkNAB8vtZjZISlk5Ow0+THDCLkAdye9TS7vJZVgto
                jPI3SICp/DphyPL/AJo4+okKCorwEgJ+40yRaNpdvo8AjSjSneSUjdif4YardDl1y0YIAUdy0S1e
                Uy9NRHu3PvYBP/iDTx/pdo6rWnIqaE/MVGMlu7+KIT3FrLFETT1GUhd/8rJ7qmraba2hfUHISo4q
                u7E9uIyE6p5mvtUiNjEPR08fCEIBdwOnM9v9jlGXHjje58g5GHLlyV6BV7nkFtpeNJIXHTYZJtNJ
                ehyH2LxLKqMdj1yf6JDbuqlN9soHNyyKFkJzaxMRvhgsfFcZGqIKUpigbtl8RtTiy52GvhPzxNlp
                j5EJ9j2xAyMu0gqPHEqN+TmUYg8e3TBfJG6YyQbZAxtkD0IS6W3RxRgDgN7aVD8LFkH7P9uGbkAd
                N8YFqN8jZCaWW9xAqhFHF+4PXGXCRgq9K77k4nNAGNR274i8kwQqwLjsR1y2OQHnswlArp2jU/Fs
                KbHAbs1SVfbsQcqW4DihG6j4hgYNFExdjse1dxlmxaCeHrSJiuZY3Idag/ji/rRsteQU9RvgJZoJ
                l5CTgqmhdhQD6emKGxSUAk8gdwwOAx/BUTvf7QjVmB6HkPHC/VpA1uQfHBSQyxChoVGF+rvEtuWZ
                gu+9TkCGyMvO3l/nu1AjtbtR9lyjH57/AMMuw1GKw8vqxcLLyrGB1JrgzzZJDcaRModSyEOoB8Dk
                Skl4QW0b/Z4h1r4HMrATwlwtWBxg96Jvr6S+idp2YknkAThGGCrLCQf51pTqOv4Yb2rW/MSTRiVD
                sVJIFfowrvHijmJjVVUHoK9MtLQEL6yhaNWvYnbE+VZgQagGpplSHj8PXiT92JcgWpTIpV5wOZI6
                HxwIj0kpXHyPQdeuBzsa4Eo8NyHyzEA98ZEysa9AfYn9WJzMY25LUVxVeOYNBvTrk6/K+2M+uK9P
                s7/dnPfVPMMd/H5Z1z8oLdGvJZgOiE/iBiyh9T26IfCMedsZH0Ax5ywOQFpOJAc3A7DHsc0Y6thZ
                BSj2Zx/lH9eKVxGM/G/+scU749F6v//Wj3nD1fTtPRrTia5CJfrVDWv45F82Ycvq6Oyj9PXmU/j9
                DifUr6le+CEpyHHp7ZGM2X9HBn9TMxy475YrkLzZOLCTNd8raorXIXmw9UPRtO4+ouHUnLmvqfYq
                K06Uzj+bLYtcntc1eG9eO1aeGOk58Rw+z2ziWbJsHrN76tDyrTvTI/c1qcg2bIlkGVtiJpy+Lp3p
                kazZAs4s2tePqRfa9LmK16de+SHzRy52fGlKHjTxpnKM2Yg/vvn7nLl/cjl05Pony16/1KH1+tBx
                8KUyVivD4+lM8l5sqP1Hlz6Mzy68nsVzT9J3XT+8kp95wToX+9h9WvCh5U65xTNmzy/Qf6vVw8X1
                x973/wA1fV/0XF61eXJfT6V5YRWfqcV48PT78qcK0/ys47myjS/Hk25+XTn1eu3nP4PV/wB5OQ5+
                hSnXf2rnStL/AEd+iYf0dT6v6fwePvy/yvHPLGbJZ/qHP4/oY4/o6c+n6X0XqX+8F7Tjy9M1/wAz
                2wt8ten+iTXr6h5fKmcGzZXPlDnyPJsH05PeHu7fVv0ovpcePBvU408D1yPxej9Yua/YoaffnKM2
                Xz+kc/pHPm0Dn8S+mPyy9L9H3dP7v1f3fhWgrTtgD8yef1eKtPS9ZOVPDPO2bNeP7yXvcuX0D3PW
                L7/jnTcaVp8XyyNLTIZmyeDlL3tefmPczXauTjy79S/Qv+g0+s8j9frT1qV2pT4vQp/L/lc84lmy
                yf0y9x5Mcf1x5c+r3d6V964Y6Ty9UVrSopnnfNmtDt31yn92ta4S6z6nCT6vX1KfDx655gzZdD6h
                73HyfRL3F9T+WPX/AETD69eXrTenXrx+Dn78ef2f9lg/VfsL6v2OB8a9T9mnvnknNmXL6S4OP6x+
                h9P6V+j/AKu1a1qftUrXvy98O7fjwHDj9kdflnkXNmHL8U58fxb6p1inEcPtf5PSuM0r9I+l/ptO
                H+66150/ys8s5st031Hn8Pp+LXqvoH0/H6n1q2IS9fhrz7UzyjmzMcF9WGlRXjz7fP8ArjhXmK14
                /tU655RzYVfXA5d+nbEp/W4nh9NOueTM2Kvpw/WOcnDnyrvz/hhhbc+Hxfa2655TzYVfWf7zf+Xt
                Xrgeb1KH068u2eVM2BXtuqfX/rg/SHLn+xy+zT/IzL0/VnEs2YGT6jz+Lt8P92OXw5Pa1r6wpWuT
                Tyx9cqvGtO1a55gzZDqHJ/gP6X2u3qcd+tO2N/f8fg6/jnirNlzhnk+3YfWp8f49c0nHvniLNkuj
                X1/U+1Dy/YrSvbFF50+LrnifNkOrZ0fZ0v2sa1eJ8c8Z5sgUjo+xk5U3xzV4njSvbPG+bIsjzfU1
                59Z/e1r6v7NK8fophetfTb6xx9T6c805sy8f0Dlydbm/vDz5vpZuH1Cb696v1HknPr6XLl+75U/y
                sA6t/i3kPqHH6jxH1f6tTjw7dPi/4LPO+bGPX6v876U9By/zfqe3Tf42of7/AN/tYQX36bqfrvq1
                78+X8c5hmy2PP+Fqly/j+LMr767yFOHpd6fa+nlgWT1aJ6nSnw/L2yL5ssi1FlY58Phr1HXAc/Hk
                382EGbCWITaX7Qr14jl86YH3rgHNgUI5+mJ/PAubFkmNvy2p9GPueg8cK82KESemdt/Jnh6Mv8/A
                f8SzhObEcw2Y/q+D7WXHNnifNlgbw+1T7Y9f7vbrnifNhLMPsS7+ufVpfqHH6zQ8OdeNfozmx/5W
                R+lRX1OfLalfRp7/ALNM4Jmyif1R58x7kx5H8F//2Q==
            </escidocComponents:content>
        </escidocComponents:component>
    </escidocComponents:components>
</escidocItem:item>